Ex1 (OOP) Simulator log: stage B3.json,  Ex1_calls_case_a_3.csv
0.0,OOP_Ex1_Elevator_Simulator
0.0,Simulated Building, Building [-10,100]
0) ex1.Elevator_A, Elev_, id,0,  speed, 3.0, open: 2.0,  start: 3.0, close: 2.0,  stop: 3.0
1) ex1.Elevator_A, Elev_, id,1,  speed, 7.0, open: 1.4285714285714286,  start: 2.142857142857143, close: 1.4285714285714286,  stop: 2.142857142857143

0.0,Simulated Period starTime,0.0,  endTime,1104.1840186,  dt,1.0
0.0,Simulated  calls,Elevator log, size: 99
0.0,**** Simulation starts!! ****
17.0,Elevator call,16.95788289,-1,0,1,1, got allocated to elevator, 1
17.0, elevID,1,  pos,0,  cmd, goto,-1
23.0,Elevator call,22.0940563,0,-1,1,1, got allocated to elevator, 1
25.0,Elev,1,  arrived at src, -1, Elevator call,16.95788289,-1,0,2,1
25.0, elevID,1,  pos,-1,  cmd, goto,0
33.0,Elev,1,  arrived at dest, 0, this call is done!, Elevator call,16.95788289,-1,0,3,1, Done, dt, 16.04211711
33.0,Elev,1,  arrived at src, 0, Elevator call,22.0940563,0,-1,2,1
33.0, elevID,1,  pos,0,  cmd, goto,-1
41.0,Elev,1,  arrived at dest, -1, this call is done!, Elevator call,22.0940563,0,-1,3,1, Done, dt, 18.9059437
86.0,Elevator call,85.52096662,3,2,1,0, got allocated to elevator, 0
86.0, elevID,0,  pos,0,  cmd, goto,3
92.0,Elevator call,91.21019413,-1,-2,1,0, got allocated to elevator, 0
97.0,Elev,0,  arrived at src, 3, Elevator call,85.52096662,3,2,2,0
97.0, elevID,0,  pos,3,  cmd, goto,2
105.0,Elevator call,104.1370124,0,4,1,1, got allocated to elevator, 1
105.0, elevID,1,  pos,-1,  cmd, goto,0
108.0,Elev,0,  arrived at dest, 2, this call is done!, Elevator call,85.52096662,3,2,3,0, Done, dt, 22.479033380000004
108.0, elevID,0,  pos,2,  cmd, goto,-1
110.0,Elevator call,109.2135291,-1,0,1,0, got allocated to elevator, 0
113.0,Elev,1,  arrived at src, 0, Elevator call,104.1370124,0,4,2,1
113.0, elevID,1,  pos,0,  cmd, goto,4
115.0,Elevator call,114.392351,3,0,1,1, got allocated to elevator, 1
115.0, elevID,1,  pos,0,  cmd, stop,3
119.0,Elev,0,  arrived at src, -1, Elevator call,91.21019413,-1,-2,2,0
119.0,Elev,0,  arrived at src, -1, Elevator call,109.2135291,-1,0,2,0
119.0, elevID,0,  pos,-1,  cmd, goto,-2
121.0,Elev,1,  arrived at src, 3, Elevator call,114.392351,3,0,2,1
121.0, elevID,1,  pos,3,  cmd, goto,4
125.0,Elevator call,124.425571,0,9,1,1, got allocated to elevator, 1
129.0,Elev,1,  arrived at dest, 4, this call is done!, Elevator call,104.1370124,0,4,3,1, Done, dt, 24.862987599999997
129.0, elevID,1,  pos,4,  cmd, goto,0
130.0,Elev,0,  arrived at dest, -2, this call is done!, Elevator call,91.21019413,-1,-2,3,0, Done, dt, 38.789805869999995
130.0, elevID,0,  pos,-2,  cmd, goto,0
131.0,Elevator call,130.0249568,8,10,1,0, got allocated to elevator, 0
131.0,Elevator call,130.2249113,-1,1,1,1, got allocated to elevator, 1
137.0,Elev,1,  arrived at dest, 0, this call is done!, Elevator call,114.392351,3,0,3,1, Done, dt, 22.607648999999995
137.0,Elev,1,  arrived at src, 0, Elevator call,124.425571,0,9,2,1
137.0, elevID,1,  pos,0,  cmd, goto,-1
138.0,Elevator call,137.9515274,0,4,1,0, got allocated to elevator, 0
141.0,Elev,0,  arrived at dest, 0, this call is done!, Elevator call,109.2135291,-1,0,3,0, Done, dt, 31.786470899999998
141.0,Elev,0,  arrived at src, 0, Elevator call,137.9515274,0,4,2,0
141.0, elevID,0,  pos,0,  cmd, goto,4
144.0,Elevator call,143.9133584,0,6,1,1, got allocated to elevator, 1
145.0,Elev,1,  arrived at src, -1, Elevator call,130.2249113,-1,1,2,1
145.0, elevID,1,  pos,-1,  cmd, goto,0
153.0,Elev,0,  arrived at dest, 4, this call is done!, Elevator call,137.9515274,0,4,3,0, Done, dt, 15.048472599999997
153.0, elevID,0,  pos,4,  cmd, goto,8
153.0,Elev,1,  arrived at src, 0, Elevator call,143.9133584,0,6,2,1
153.0, elevID,1,  pos,0,  cmd, goto,1
161.0,Elev,1,  arrived at dest, 1, this call is done!, Elevator call,130.2249113,-1,1,3,1, Done, dt, 30.775088699999998
161.0, elevID,1,  pos,1,  cmd, goto,6
165.0,Elev,0,  arrived at src, 8, Elevator call,130.0249568,8,10,2,0
165.0, elevID,0,  pos,8,  cmd, goto,10
169.0,Elev,1,  arrived at dest, 6, this call is done!, Elevator call,143.9133584,0,6,3,1, Done, dt, 25.086641600000007
169.0, elevID,1,  pos,6,  cmd, goto,9
170.0,Elevator call,169.7845834,-1,0,1,0, got allocated to elevator, 0
171.0,Elevator call,170.0099621,0,6,1,1, got allocated to elevator, 1
172.0,Elevator call,171.2117332,-1,8,1,1, got allocated to elevator, 1
175.0,Elevator call,174.8438515,0,-1,1,0, got allocated to elevator, 0
176.0,Elev,0,  arrived at dest, 10, this call is done!, Elevator call,130.0249568,8,10,3,0, Done, dt, 45.97504319999999
176.0, elevID,0,  pos,10,  cmd, goto,0
177.0,Elev,1,  arrived at dest, 9, this call is done!, Elevator call,124.425571,0,9,3,1, Done, dt, 52.574428999999995
177.0, elevID,1,  pos,9,  cmd, goto,0
186.0,Elev,1,  arrived at src, 0, Elevator call,170.0099621,0,6,2,1
186.0, elevID,1,  pos,0,  cmd, goto,-1
188.0,Elevator call,187.1167862,-1,-2,1,1, got allocated to elevator, 1
188.0,Elevator call,187.7299318,-1,-2,1,0, got allocated to elevator, 0
190.0,Elev,0,  arrived at src, 0, Elevator call,174.8438515,0,-1,2,0
190.0, elevID,0,  pos,0,  cmd, goto,-1
194.0,Elev,1,  arrived at src, -1, Elevator call,171.2117332,-1,8,2,1
194.0,Elev,1,  arrived at src, -1, Elevator call,187.1167862,-1,-2,2,1
194.0, elevID,1,  pos,-1,  cmd, goto,-2
196.0,Elevator call,195.9086965,0,7,1,1, got allocated to elevator, 1
198.0,Elevator call,197.5359191,-1,1,1,0, got allocated to elevator, 0
201.0,Elev,0,  arrived at src, -1, Elevator call,169.7845834,-1,0,2,0
201.0,Elev,0,  arrived at dest, -1, this call is done!, Elevator call,174.8438515,0,-1,3,0, Done, dt, 26.1561485
201.0,Elev,0,  arrived at src, -1, Elevator call,187.7299318,-1,-2,2,0
201.0,Elev,0,  arrived at src, -1, Elevator call,197.5359191,-1,1,2,0
201.0, elevID,0,  pos,-1,  cmd, goto,-2
202.0,Elev,1,  arrived at dest, -2, this call is done!, Elevator call,187.1167862,-1,-2,3,1, Done, dt, 14.883213799999993
202.0, elevID,1,  pos,-2,  cmd, goto,0
206.0,Elevator call,205.9895199,-1,0,1,1, got allocated to elevator, 1
210.0,Elev,1,  arrived at src, 0, Elevator call,195.9086965,0,7,2,1
210.0, elevID,1,  pos,0,  cmd, goto,6
212.0,Elev,0,  arrived at dest, -2, this call is done!, Elevator call,187.7299318,-1,-2,3,0, Done, dt, 24.270068199999997
212.0, elevID,0,  pos,-2,  cmd, goto,0
218.0,Elev,1,  arrived at dest, 6, this call is done!, Elevator call,170.0099621,0,6,3,1, Done, dt, 47.990037900000004
218.0, elevID,1,  pos,6,  cmd, goto,7
223.0,Elev,0,  arrived at dest, 0, this call is done!, Elevator call,169.7845834,-1,0,3,0, Done, dt, 53.2154166
223.0, elevID,0,  pos,0,  cmd, goto,1
226.0,Elev,1,  arrived at dest, 7, this call is done!, Elevator call,195.9086965,0,7,3,1, Done, dt, 30.09130350000001
226.0, elevID,1,  pos,7,  cmd, goto,8
228.0,Elevator call,227.0798305,-1,5,1,1, got allocated to elevator, 1
232.0,Elevator call,231.5157882,-1,0,1,0, got allocated to elevator, 0
233.0,Elevator call,232.9504362,0,-1,1,1, got allocated to elevator, 1
234.0,Elev,0,  arrived at dest, 1, this call is done!, Elevator call,197.5359191,-1,1,3,0, Done, dt, 36.4640809
234.0, elevID,0,  pos,1,  cmd, goto,-1
234.0,Elev,1,  arrived at dest, 8, this call is done!, Elevator call,171.2117332,-1,8,3,1, Done, dt, 62.7882668
234.0, elevID,1,  pos,8,  cmd, goto,0
243.0,Elev,1,  arrived at src, 0, Elevator call,232.9504362,0,-1,2,1
243.0, elevID,1,  pos,0,  cmd, goto,-1
245.0,Elev,0,  arrived at src, -1, Elevator call,231.5157882,-1,0,2,0
245.0, elevID,0,  pos,-1,  cmd, goto,0
251.0,Elev,1,  arrived at src, -1, Elevator call,205.9895199,-1,0,2,1
251.0,Elev,1,  arrived at src, -1, Elevator call,227.0798305,-1,5,2,1
251.0,Elev,1,  arrived at dest, -1, this call is done!, Elevator call,232.9504362,0,-1,3,1, Done, dt, 18.049563799999987
251.0, elevID,1,  pos,-1,  cmd, goto,0
252.0,Elevator call,251.1044469,-1,-2,1,0, got allocated to elevator, 0
252.0,Elevator call,251.2359335,0,9,1,1, got allocated to elevator, 1
255.0,Elevator call,254.6977153,3,4,1,0, got allocated to elevator, 0
256.0,Elev,0,  arrived at dest, 0, this call is done!, Elevator call,231.5157882,-1,0,3,0, Done, dt, 24.484211799999997
256.0, elevID,0,  pos,0,  cmd, goto,3
258.0,Elevator call,257.7974435,-1,0,1,1, got allocated to elevator, 1
259.0,Elev,1,  arrived at dest, 0, this call is done!, Elevator call,205.9895199,-1,0,3,1, Done, dt, 53.010480099999995
259.0,Elev,1,  arrived at src, 0, Elevator call,251.2359335,0,9,2,1
259.0, elevID,1,  pos,0,  cmd, goto,5
267.0,Elev,0,  arrived at src, 3, Elevator call,254.6977153,3,4,2,0
267.0, elevID,0,  pos,3,  cmd, goto,4
267.0,Elev,1,  arrived at dest, 5, this call is done!, Elevator call,227.0798305,-1,5,3,1, Done, dt, 39.920169499999986
267.0, elevID,1,  pos,5,  cmd, goto,9
275.0,Elev,1,  arrived at dest, 9, this call is done!, Elevator call,251.2359335,0,9,3,1, Done, dt, 23.764066500000013
275.0, elevID,1,  pos,9,  cmd, goto,-1
278.0,Elev,0,  arrived at dest, 4, this call is done!, Elevator call,254.6977153,3,4,3,0, Done, dt, 23.3022847
278.0, elevID,0,  pos,4,  cmd, goto,-1
284.0,Elev,1,  arrived at src, -1, Elevator call,257.7974435,-1,0,2,1
284.0, elevID,1,  pos,-1,  cmd, goto,0
290.0,Elev,0,  arrived at src, -1, Elevator call,251.1044469,-1,-2,2,0
290.0, elevID,0,  pos,-1,  cmd, goto,-2
292.0,Elev,1,  arrived at dest, 0, this call is done!, Elevator call,257.7974435,-1,0,3,1, Done, dt, 34.202556500000014
296.0,Elevator call,295.7943357,0,1,1,1, got allocated to elevator, 1
296.0,Elev,1,  arrived at src, 0, Elevator call,295.7943357,0,1,2,1
296.0, elevID,1,  pos,0,  cmd, goto,1
301.0,Elev,0,  arrived at dest, -2, this call is done!, Elevator call,251.1044469,-1,-2,3,0, Done, dt, 49.8955531
304.0,Elev,1,  arrived at dest, 1, this call is done!, Elevator call,295.7943357,0,1,3,1, Done, dt, 8.205664300000024
305.0,Elevator call,304.9984388,6,0,1,0, got allocated to elevator, 0
305.0, elevID,0,  pos,-2,  cmd, goto,6
310.0,Elevator call,309.3005383,0,-1,1,1, got allocated to elevator, 1
310.0, elevID,1,  pos,1,  cmd, goto,0
313.0,Elevator call,312.3018556,0,-1,1,0, got allocated to elevator, 0
317.0,Elevator call,316.0323783,0,-1,1,1, got allocated to elevator, 1
318.0,Elev,0,  arrived at src, 6, Elevator call,304.9984388,6,0,2,0
318.0, elevID,0,  pos,6,  cmd, goto,0
318.0,Elev,1,  arrived at src, 0, Elevator call,309.3005383,0,-1,2,1
318.0,Elev,1,  arrived at src, 0, Elevator call,316.0323783,0,-1,2,1
318.0, elevID,1,  pos,0,  cmd, goto,-1
320.0,Elevator call,319.905202,6,5,1,1, got allocated to elevator, 1
321.0,Elevator call,320.9760749,-1,0,1,0, got allocated to elevator, 0
322.0,Elevator call,321.370409,7,-1,1,1, got allocated to elevator, 1
326.0,Elev,1,  arrived at dest, -1, this call is done!, Elevator call,309.3005383,0,-1,3,1, Done, dt, 16.699461699999972
326.0,Elev,1,  arrived at dest, -1, this call is done!, Elevator call,316.0323783,0,-1,3,1, Done, dt, 9.967621699999995
326.0, elevID,1,  pos,-1,  cmd, goto,6
330.0,Elev,0,  arrived at dest, 0, this call is done!, Elevator call,304.9984388,6,0,3,0, Done, dt, 25.001561200000026
330.0,Elev,0,  arrived at src, 0, Elevator call,312.3018556,0,-1,2,0
330.0, elevID,0,  pos,0,  cmd, goto,-1
333.0,Elevator call,332.4267319,0,10,1,0, got allocated to elevator, 0
, elevID,0,  pos,0,  cmd, stop,0
335.0,Elev,1,  arrived at src, 6, Elevator call,319.905202,6,5,2,1
335.0, elevID,1,  pos,6,  cmd, goto,7
337.0,Elevator call,336.9304305,-1,0,1,1, got allocated to elevator, 1
340.0,Elev,0,  arrived at src, 0, Elevator call,332.4267319,0,10,2,0
340.0, elevID,0,  pos,0,  cmd, goto,-1
343.0,Elev,1,  arrived at src, 7, Elevator call,321.370409,7,-1,2,1
343.0, elevID,1,  pos,7,  cmd, goto,5
351.0,Elev,0,  arrived at dest, -1, this call is done!, Elevator call,312.3018556,0,-1,3,0, Done, dt, 38.69814439999999
351.0,Elev,0,  arrived at src, -1, Elevator call,320.9760749,-1,0,2,0
351.0, elevID,0,  pos,-1,  cmd, goto,0
351.0,Elev,1,  arrived at dest, 5, this call is done!, Elevator call,319.905202,6,5,3,1, Done, dt, 31.094798000000026
351.0, elevID,1,  pos,5,  cmd, goto,-1
359.0,Elev,1,  arrived at dest, -1, this call is done!, Elevator call,321.370409,7,-1,3,1, Done, dt, 37.629591000000005
359.0,Elev,1,  arrived at src, -1, Elevator call,336.9304305,-1,0,2,1
359.0, elevID,1,  pos,-1,  cmd, goto,0
362.0,Elev,0,  arrived at dest, 0, this call is done!, Elevator call,320.9760749,-1,0,3,0, Done, dt, 41.023925099999985
362.0, elevID,0,  pos,0,  cmd, goto,10
367.0,Elev,1,  arrived at dest, 0, this call is done!, Elevator call,336.9304305,-1,0,3,1, Done, dt, 30.0695695
376.0,Elevator call,375.490481,1,0,1,1, got allocated to elevator, 1
376.0,Elev,0,  arrived at dest, 10, this call is done!, Elevator call,332.4267319,0,10,3,0, Done, dt, 43.57326810000001
376.0, elevID,1,  pos,0,  cmd, goto,1
384.0,Elev,1,  arrived at src, 1, Elevator call,375.490481,1,0,2,1
384.0, elevID,1,  pos,1,  cmd, goto,0
392.0,Elev,1,  arrived at dest, 0, this call is done!, Elevator call,375.490481,1,0,3,1, Done, dt, 16.50951900000001
393.0,Elevator call,392.5160765,0,5,1,0, got allocated to elevator, 0
393.0, elevID,0,  pos,10,  cmd, goto,0
406.0,Elevator call,405.1821141,-1,10,1,1, got allocated to elevator, 1
406.0, elevID,1,  pos,0,  cmd, goto,-1
407.0,Elev,0,  arrived at src, 0, Elevator call,392.5160765,0,5,2,0
407.0, elevID,0,  pos,0,  cmd, goto,5
414.0,Elev,1,  arrived at src, -1, Elevator call,405.1821141,-1,10,2,1
414.0, elevID,1,  pos,-1,  cmd, goto,10
419.0,Elev,0,  arrived at dest, 5, this call is done!, Elevator call,392.5160765,0,5,3,0, Done, dt, 26.483923500000003
423.0,Elev,1,  arrived at dest, 10, this call is done!, Elevator call,405.1821141,-1,10,3,1, Done, dt, 17.81788590000002
427.0,Elevator call,426.8615805,2,0,1,0, got allocated to elevator, 0
427.0, elevID,0,  pos,5,  cmd, goto,2
438.0,Elevator call,437.1711158,1,0,1,1, got allocated to elevator, 1
438.0,Elev,0,  arrived at src, 2, Elevator call,426.8615805,2,0,2,0
438.0, elevID,0,  pos,2,  cmd, goto,0
438.0, elevID,1,  pos,10,  cmd, goto,1
447.0,Elev,1,  arrived at src, 1, Elevator call,437.1711158,1,0,2,1
447.0, elevID,1,  pos,1,  cmd, goto,0
449.0,Elev,0,  arrived at dest, 0, this call is done!, Elevator call,426.8615805,2,0,3,0, Done, dt, 22.138419499999998
455.0,Elev,1,  arrived at dest, 0, this call is done!, Elevator call,437.1711158,1,0,3,1, Done, dt, 17.828884200000005
473.0,Elevator call,472.7445474,10,-1,1,1, got allocated to elevator, 1
473.0, elevID,1,  pos,0,  cmd, goto,10
482.0,Elev,1,  arrived at src, 10, Elevator call,472.7445474,10,-1,2,1
482.0, elevID,1,  pos,10,  cmd, goto,-1
491.0,Elev,1,  arrived at dest, -1, this call is done!, Elevator call,472.7445474,10,-1,3,1, Done, dt, 18.255452600000012
501.0,Elevator call,500.3712045,8,-1,1,0, got allocated to elevator, 0
501.0, elevID,0,  pos,0,  cmd, goto,8
504.0,Elevator call,503.1384784,1,-1,1,1, got allocated to elevator, 1
504.0, elevID,1,  pos,-1,  cmd, goto,1
505.0,Elevator call,504.4317942,0,-1,1,0, got allocated to elevator, 0
505.0, elevID,0,  pos,0,  cmd, stop,0
511.0,Elev,0,  arrived at src, 0, Elevator call,504.4317942,0,-1,2,0
511.0, elevID,0,  pos,0,  cmd, goto,8
512.0,Elev,1,  arrived at src, 1, Elevator call,503.1384784,1,-1,2,1
512.0, elevID,1,  pos,1,  cmd, goto,-1
520.0,Elev,1,  arrived at dest, -1, this call is done!, Elevator call,503.1384784,1,-1,3,1, Done, dt, 16.861521600000003
524.0,Elev,0,  arrived at src, 8, Elevator call,500.3712045,8,-1,2,0
524.0, elevID,0,  pos,8,  cmd, goto,-1
530.0,Elevator call,529.6277472,3,-1,1,1, got allocated to elevator, 1
530.0, elevID,1,  pos,-1,  cmd, goto,3
537.0,Elev,0,  arrived at dest, -1, this call is done!, Elevator call,500.3712045,8,-1,3,0, Done, dt, 36.628795500000024
537.0,Elev,0,  arrived at dest, -1, this call is done!, Elevator call,504.4317942,0,-1,3,0, Done, dt, 32.56820579999999
538.0,Elevator call,537.7866884,-1,6,1,1, got allocated to elevator, 1
538.0,Elev,1,  arrived at src, 3, Elevator call,529.6277472,3,-1,2,1
538.0, elevID,1,  pos,3,  cmd, goto,-1
545.0,Elevator call,544.7880392,6,-1,1,0, got allocated to elevator, 0
545.0, elevID,0,  pos,-1,  cmd, goto,6
546.0,Elev,1,  arrived at dest, -1, this call is done!, Elevator call,529.6277472,3,-1,3,1, Done, dt, 16.372252799999956
546.0,Elev,1,  arrived at src, -1, Elevator call,537.7866884,-1,6,2,1
546.0, elevID,1,  pos,-1,  cmd, goto,6
555.0,Elevator call,554.0892923,4,0,1,1, got allocated to elevator, 1
555.0,Elev,1,  arrived at dest, 6, this call is done!, Elevator call,537.7866884,-1,6,3,1, Done, dt, 17.213311599999997
555.0, elevID,1,  pos,6,  cmd, goto,4
558.0,Elevator call,557.244139,10,0,1,0, got allocated to elevator, 0
558.0,Elev,0,  arrived at src, 6, Elevator call,544.7880392,6,-1,2,0
558.0, elevID,0,  pos,6,  cmd, goto,10
563.0,Elev,1,  arrived at src, 4, Elevator call,554.0892923,4,0,2,1
563.0, elevID,1,  pos,4,  cmd, goto,0
566.0,Elevator call,565.0195522,0,-1,1,1, got allocated to elevator, 1
570.0,Elev,0,  arrived at src, 10, Elevator call,557.244139,10,0,2,0
570.0, elevID,0,  pos,10,  cmd, goto,0
571.0,Elev,1,  arrived at dest, 0, this call is done!, Elevator call,554.0892923,4,0,3,1, Done, dt, 16.91070769999999
571.0,Elev,1,  arrived at src, 0, Elevator call,565.0195522,0,-1,2,1
571.0, elevID,1,  pos,0,  cmd, goto,-1
579.0,Elev,1,  arrived at dest, -1, this call is done!, Elevator call,565.0195522,0,-1,3,1, Done, dt, 13.980447799999979
582.0,Elevator call,581.870309,0,3,1,1, got allocated to elevator, 1
582.0, elevID,1,  pos,-1,  cmd, goto,0
584.0,Elev,0,  arrived at dest, 0, this call is done!, Elevator call,557.244139,10,0,3,0, Done, dt, 26.75586099999998
584.0, elevID,0,  pos,0,  cmd, goto,-1
590.0,Elev,1,  arrived at src, 0, Elevator call,581.870309,0,3,2,1
590.0, elevID,1,  pos,0,  cmd, goto,3
595.0,Elev,0,  arrived at dest, -1, this call is done!, Elevator call,544.7880392,6,-1,3,0, Done, dt, 50.21196080000004
597.0,Elevator call,596.1232023,8,0,1,0, got allocated to elevator, 0
597.0, elevID,0,  pos,-1,  cmd, goto,8
598.0,Elev,1,  arrived at dest, 3, this call is done!, Elevator call,581.870309,0,3,3,1, Done, dt, 16.12969099999998
601.0,Elevator call,600.931288,1,0,1,1, got allocated to elevator, 1
601.0, elevID,1,  pos,3,  cmd, goto,1
604.0,Elevator call,603.9342327,7,0,1,1, got allocated to elevator, 1
609.0,Elev,1,  arrived at src, 1, Elevator call,600.931288,1,0,2,1
609.0, elevID,1,  pos,1,  cmd, goto,0
610.0,Elev,0,  arrived at src, 8, Elevator call,596.1232023,8,0,2,0
610.0, elevID,0,  pos,8,  cmd, goto,0
617.0,Elev,1,  arrived at dest, 0, this call is done!, Elevator call,600.931288,1,0,3,1, Done, dt, 16.068712000000005
617.0, elevID,1,  pos,0,  cmd, goto,7
618.0,Elevator call,617.9628339,0,3,1,0, got allocated to elevator, 0
620.0,Elevator call,619.6454197,9,0,1,1, got allocated to elevator, 1
623.0,Elev,0,  arrived at dest, 0, this call is done!, Elevator call,596.1232023,8,0,3,0, Done, dt, 26.876797699999997
623.0,Elev,0,  arrived at src, 0, Elevator call,617.9628339,0,3,2,0
623.0, elevID,0,  pos,0,  cmd, goto,3
626.0,Elev,1,  arrived at src, 7, Elevator call,603.9342327,7,0,2,1
626.0, elevID,1,  pos,7,  cmd, goto,9
627.0,Elevator call,626.2116172,0,1,1,0, got allocated to elevator, 0
627.0, elevID,0,  pos,0,  cmd, stop,0
633.0,Elev,0,  arrived at src, 0, Elevator call,626.2116172,0,1,2,0
633.0, elevID,0,  pos,0,  cmd, goto,1
634.0,Elev,1,  arrived at src, 9, Elevator call,619.6454197,9,0,2,1
634.0, elevID,1,  pos,9,  cmd, goto,0
643.0,Elev,1,  arrived at dest, 0, this call is done!, Elevator call,603.9342327,7,0,3,1, Done, dt, 39.06576729999995
643.0,Elev,1,  arrived at dest, 0, this call is done!, Elevator call,619.6454197,9,0,3,1, Done, dt, 23.354580299999952
644.0,Elevator call,643.8547515,-1,2,1,1, got allocated to elevator, 1
644.0,Elev,0,  arrived at dest, 1, this call is done!, Elevator call,626.2116172,0,1,3,0, Done, dt, 17.788382800000022
644.0, elevID,0,  pos,1,  cmd, goto,3
644.0, elevID,1,  pos,0,  cmd, goto,-1
652.0,Elev,1,  arrived at src, -1, Elevator call,643.8547515,-1,2,2,1
652.0, elevID,1,  pos,-1,  cmd, goto,2
655.0,Elev,0,  arrived at dest, 3, this call is done!, Elevator call,617.9628339,0,3,3,0, Done, dt, 37.037166100000036
660.0,Elev,1,  arrived at dest, 2, this call is done!, Elevator call,643.8547515,-1,2,3,1, Done, dt, 16.14524849999998
661.0,Elevator call,660.0732908,6,10,1,0, got allocated to elevator, 0
661.0, elevID,0,  pos,3,  cmd, goto,6
662.0,Elevator call,661.042082,-1,3,1,1, got allocated to elevator, 1
662.0, elevID,1,  pos,2,  cmd, goto,-1
663.0,Elevator call,662.1730528,-1,5,1,1, got allocated to elevator, 1
666.0,Elevator call,665.1155549,-1,8,1,0, got allocated to elevator, 0
667.0,Elevator call,666.0340295,4,0,1,1, got allocated to elevator, 1
667.0,Elevator call,666.2411587,5,-1,1,1, got allocated to elevator, 1
670.0,Elev,1,  arrived at src, -1, Elevator call,661.042082,-1,3,2,1
670.0,Elev,1,  arrived at src, -1, Elevator call,662.1730528,-1,5,2,1
670.0, elevID,1,  pos,-1,  cmd, goto,3
672.0,Elev,0,  arrived at src, 6, Elevator call,660.0732908,6,10,2,0
672.0, elevID,0,  pos,6,  cmd, goto,10
673.0,Elevator call,672.6773142,0,-1,1,0, got allocated to elevator, 0
678.0,Elevator call,677.7341948,0,-1,1,1, got allocated to elevator, 1
678.0,Elev,1,  arrived at dest, 3, this call is done!, Elevator call,661.042082,-1,3,3,1, Done, dt, 16.95791799999995
678.0, elevID,1,  pos,3,  cmd, goto,4
679.0,Elevator call,678.9953585,-1,-2,1,0, got allocated to elevator, 0
684.0,Elev,0,  arrived at dest, 10, this call is done!, Elevator call,660.0732908,6,10,3,0, Done, dt, 23.926709200000005
684.0, elevID,0,  pos,10,  cmd, goto,0
686.0,Elev,1,  arrived at src, 4, Elevator call,666.0340295,4,0,2,1
686.0, elevID,1,  pos,4,  cmd, goto,5
694.0,Elev,1,  arrived at dest, 5, this call is done!, Elevator call,662.1730528,-1,5,3,1, Done, dt, 31.82694719999995
694.0,Elev,1,  arrived at src, 5, Elevator call,666.2411587,5,-1,2,1
694.0, elevID,1,  pos,5,  cmd, goto,0
696.0,Elevator call,695.2239882,0,10,1,1, got allocated to elevator, 1
698.0,Elev,0,  arrived at src, 0, Elevator call,672.6773142,0,-1,2,0
698.0, elevID,0,  pos,0,  cmd, goto,-1
702.0,Elev,1,  arrived at dest, 0, this call is done!, Elevator call,666.0340295,4,0,3,1, Done, dt, 35.965970500000026
702.0,Elev,1,  arrived at src, 0, Elevator call,677.7341948,0,-1,2,1
702.0,Elev,1,  arrived at src, 0, Elevator call,695.2239882,0,10,2,1
702.0, elevID,1,  pos,0,  cmd, goto,-1
707.0,Elevator call,706.1583475,-1,-2,1,0, got allocated to elevator, 0
709.0,Elev,0,  arrived at src, -1, Elevator call,665.1155549,-1,8,2,0
709.0,Elev,0,  arrived at dest, -1, this call is done!, Elevator call,672.6773142,0,-1,3,0, Done, dt, 36.322685800000045
709.0,Elev,0,  arrived at src, -1, Elevator call,678.9953585,-1,-2,2,0
709.0,Elev,0,  arrived at src, -1, Elevator call,706.1583475,-1,-2,2,0
709.0, elevID,0,  pos,-1,  cmd, goto,-2
710.0,Elev,1,  arrived at dest, -1, this call is done!, Elevator call,666.2411587,5,-1,3,1, Done, dt, 43.75884129999997
710.0,Elev,1,  arrived at dest, -1, this call is done!, Elevator call,677.7341948,0,-1,3,1, Done, dt, 32.265805200000045
710.0, elevID,1,  pos,-1,  cmd, goto,10
711.0,Elevator call,710.324977,0,1,1,1, got allocated to elevator, 1
711.0, elevID,1,  pos,-1,  cmd, stop,0
714.0,Elevator call,713.0191971,1,0,1,0, got allocated to elevator, 0
714.0,Elevator call,713.2499766,10,-1,1,1, got allocated to elevator, 1
718.0,Elev,1,  arrived at src, 0, Elevator call,710.324977,0,1,2,1
718.0, elevID,1,  pos,0,  cmd, goto,1
720.0,Elev,0,  arrived at dest, -2, this call is done!, Elevator call,678.9953585,-1,-2,3,0, Done, dt, 41.00464150000005
720.0,Elev,0,  arrived at dest, -2, this call is done!, Elevator call,706.1583475,-1,-2,3,0, Done, dt, 13.84165250000001
720.0, elevID,0,  pos,-2,  cmd, goto,1
723.0,Elevator call,722.6161213,10,0,1,1, got allocated to elevator, 1
726.0,Elev,1,  arrived at dest, 1, this call is done!, Elevator call,710.324977,0,1,3,1, Done, dt, 15.67502300000001
726.0, elevID,1,  pos,1,  cmd, goto,10
728.0,Elevator call,727.5146029,-1,0,1,0, got allocated to elevator, 0
731.0,Elev,0,  arrived at src, 1, Elevator call,713.0191971,1,0,2,0
731.0, elevID,0,  pos,1,  cmd, goto,8
733.0,Elevator call,732.9746341,6,-1,1,1, got allocated to elevator, 1
735.0,Elev,1,  arrived at dest, 10, this call is done!, Elevator call,695.2239882,0,10,3,1, Done, dt, 39.77601179999999
735.0,Elev,1,  arrived at src, 10, Elevator call,713.2499766,10,-1,2,1
735.0,Elev,1,  arrived at src, 10, Elevator call,722.6161213,10,0,2,1
735.0, elevID,1,  pos,10,  cmd, goto,6
738.0,Elevator call,737.3147202,1,0,1,0, got allocated to elevator, 0
743.0,Elev,1,  arrived at src, 6, Elevator call,732.9746341,6,-1,2,1
743.0, elevID,1,  pos,6,  cmd, goto,0
744.0,Elev,0,  arrived at dest, 8, this call is done!, Elevator call,665.1155549,-1,8,3,0, Done, dt, 78.8844451
744.0, elevID,0,  pos,8,  cmd, goto,1
751.0,Elev,1,  arrived at dest, 0, this call is done!, Elevator call,722.6161213,10,0,3,1, Done, dt, 28.38387869999997
751.0, elevID,1,  pos,0,  cmd, goto,-1
757.0,Elev,0,  arrived at src, 1, Elevator call,737.3147202,1,0,2,0
757.0, elevID,0,  pos,1,  cmd, goto,0
759.0,Elev,1,  arrived at dest, -1, this call is done!, Elevator call,713.2499766,10,-1,3,1, Done, dt, 45.75002340000003
759.0,Elev,1,  arrived at dest, -1, this call is done!, Elevator call,732.9746341,6,-1,3,1, Done, dt, 26.025365899999997
768.0,Elev,0,  arrived at dest, 0, this call is done!, Elevator call,713.0191971,1,0,3,0, Done, dt, 54.98080289999996
768.0,Elev,0,  arrived at dest, 0, this call is done!, Elevator call,737.3147202,1,0,3,0, Done, dt, 30.68527979999999
768.0, elevID,0,  pos,0,  cmd, goto,-1
779.0,Elev,0,  arrived at src, -1, Elevator call,727.5146029,-1,0,2,0
779.0, elevID,0,  pos,-1,  cmd, goto,0
780.0,Elevator call,779.3996914,-1,5,1,1, got allocated to elevator, 1
780.0,Elev,1,  arrived at src, -1, Elevator call,779.3996914,-1,5,2,1
780.0, elevID,1,  pos,-1,  cmd, goto,5
788.0,Elev,1,  arrived at dest, 5, this call is done!, Elevator call,779.3996914,-1,5,3,1, Done, dt, 8.600308599999948
790.0,Elev,0,  arrived at dest, 0, this call is done!, Elevator call,727.5146029,-1,0,3,0, Done, dt, 62.4853971
806.0,Elevator call,805.6754743,-1,-2,1,0, got allocated to elevator, 0
806.0, elevID,0,  pos,0,  cmd, goto,-1
811.0,Elevator call,810.4469089,2,0,1,1, got allocated to elevator, 1
811.0, elevID,1,  pos,5,  cmd, goto,2
817.0,Elevator call,816.1516998,7,-1,1,1, got allocated to elevator, 1
817.0,Elev,0,  arrived at src, -1, Elevator call,805.6754743,-1,-2,2,0
817.0, elevID,0,  pos,-1,  cmd, goto,-2
819.0,Elev,1,  arrived at src, 2, Elevator call,810.4469089,2,0,2,1
819.0, elevID,1,  pos,2,  cmd, goto,0
826.0,Elevator call,825.4575185,7,0,1,0, got allocated to elevator, 0
827.0,Elev,1,  arrived at dest, 0, this call is done!, Elevator call,810.4469089,2,0,3,1, Done, dt, 16.55309109999996
827.0, elevID,1,  pos,0,  cmd, goto,7
828.0,Elev,0,  arrived at dest, -2, this call is done!, Elevator call,805.6754743,-1,-2,3,0, Done, dt, 22.32452569999998
828.0, elevID,0,  pos,-2,  cmd, goto,7
836.0,Elev,1,  arrived at src, 7, Elevator call,816.1516998,7,-1,2,1
836.0, elevID,1,  pos,7,  cmd, goto,-1
840.0,Elevator call,839.8525653,0,1,1,1, got allocated to elevator, 1
, elevID,1,  pos,4,  cmd, stop,0
841.0,Elev,0,  arrived at src, 7, Elevator call,825.4575185,7,0,2,0
841.0, elevID,0,  pos,7,  cmd, goto,0
845.0,Elev,1,  arrived at src, 0, Elevator call,839.8525653,0,1,2,1
845.0, elevID,1,  pos,0,  cmd, goto,-1
853.0,Elev,1,  arrived at dest, -1, this call is done!, Elevator call,816.1516998,7,-1,3,1, Done, dt, 36.84830020000004
853.0, elevID,1,  pos,-1,  cmd, goto,1
854.0,Elev,0,  arrived at dest, 0, this call is done!, Elevator call,825.4575185,7,0,3,0, Done, dt, 28.542481500000008
855.0,Elevator call,854.2002278,6,-1,1,0, got allocated to elevator, 0
855.0, elevID,0,  pos,0,  cmd, goto,6
861.0,Elev,1,  arrived at dest, 1, this call is done!, Elevator call,839.8525653,0,1,3,1, Done, dt, 21.147434699999963
864.0,Elevator call,863.8932913,0,-1,1,1, got allocated to elevator, 1
864.0, elevID,1,  pos,1,  cmd, goto,0
867.0,Elev,0,  arrived at src, 6, Elevator call,854.2002278,6,-1,2,0
867.0, elevID,0,  pos,6,  cmd, goto,-1
871.0,Elevator call,870.5053024,0,7,1,1, got allocated to elevator, 1
872.0,Elev,1,  arrived at src, 0, Elevator call,863.8932913,0,-1,2,1
872.0,Elev,1,  arrived at src, 0, Elevator call,870.5053024,0,7,2,1
872.0, elevID,1,  pos,0,  cmd, goto,-1
880.0,Elev,0,  arrived at dest, -1, this call is done!, Elevator call,854.2002278,6,-1,3,0, Done, dt, 25.799772200000007
880.0,Elev,1,  arrived at dest, -1, this call is done!, Elevator call,863.8932913,0,-1,3,1, Done, dt, 16.106708700000013
880.0, elevID,1,  pos,-1,  cmd, goto,7
887.0,Elevator call,886.5649993,-1,-2,1,0, got allocated to elevator, 0
887.0,Elev,0,  arrived at src, -1, Elevator call,886.5649993,-1,-2,2,0
887.0, elevID,0,  pos,-1,  cmd, goto,-2
889.0,Elev,1,  arrived at dest, 7, this call is done!, Elevator call,870.5053024,0,7,3,1, Done, dt, 18.494697599999995
893.0,Elevator call,892.5212151,9,-1,1,1, got allocated to elevator, 1
893.0, elevID,1,  pos,7,  cmd, goto,9
898.0,Elev,0,  arrived at dest, -2, this call is done!, Elevator call,886.5649993,-1,-2,3,0, Done, dt, 11.435000700000046
901.0,Elev,1,  arrived at src, 9, Elevator call,892.5212151,9,-1,2,1
901.0, elevID,1,  pos,9,  cmd, goto,-1
910.0,Elev,1,  arrived at dest, -1, this call is done!, Elevator call,892.5212151,9,-1,3,1, Done, dt, 17.47878490000005
911.0,Elevator call,910.5388559,6,5,1,0, got allocated to elevator, 0
911.0, elevID,0,  pos,-2,  cmd, goto,6
916.0,Elevator call,915.9490575,4,-1,1,1, got allocated to elevator, 1
916.0, elevID,1,  pos,-1,  cmd, goto,4
924.0,Elev,0,  arrived at src, 6, Elevator call,910.5388559,6,5,2,0
924.0, elevID,0,  pos,6,  cmd, goto,5
924.0,Elev,1,  arrived at src, 4, Elevator call,915.9490575,4,-1,2,1
924.0, elevID,1,  pos,4,  cmd, goto,-1
932.0,Elev,1,  arrived at dest, -1, this call is done!, Elevator call,915.9490575,4,-1,3,1, Done, dt, 16.05094250000002
934.0,Elevator call,933.8580452,7,5,1,0, got allocated to elevator, 0
935.0,Elev,0,  arrived at dest, 5, this call is done!, Elevator call,910.5388559,6,5,3,0, Done, dt, 24.461144099999956
935.0, elevID,0,  pos,5,  cmd, goto,7
946.0,Elev,0,  arrived at src, 7, Elevator call,933.8580452,7,5,2,0
946.0, elevID,0,  pos,7,  cmd, goto,5
957.0,Elev,0,  arrived at dest, 5, this call is done!, Elevator call,933.8580452,7,5,3,0, Done, dt, 23.141954800000008
962.0,Elevator call,961.6862856,6,-1,1,1, got allocated to elevator, 1
962.0, elevID,1,  pos,-1,  cmd, goto,6
971.0,Elev,1,  arrived at src, 6, Elevator call,961.6862856,6,-1,2,1
971.0, elevID,1,  pos,6,  cmd, goto,-1
973.0,Elevator call,972.8032126,1,0,1,1, got allocated to elevator, 1
, elevID,1,  pos,6,  cmd, stop,1
976.0,Elevator call,975.8361203,0,-1,1,0, got allocated to elevator, 0
976.0, elevID,0,  pos,5,  cmd, goto,0
979.0,Elevator call,978.5925149,10,0,1,1, got allocated to elevator, 1
979.0,Elevator call,978.6210501,10,-1,1,0, got allocated to elevator, 0
979.0,Elev,1,  arrived at src, 1, Elevator call,972.8032126,1,0,2,1
979.0, elevID,1,  pos,1,  cmd, goto,0
985.0,Elevator call,984.1840186,7,0,1,1, got allocated to elevator, 1
987.0,Elev,1,  arrived at dest, 0, this call is done!, Elevator call,972.8032126,1,0,3,1, Done, dt, 14.196787399999948
987.0, elevID,1,  pos,0,  cmd, goto,-1
988.0,Elev,0,  arrived at src, 0, Elevator call,975.8361203,0,-1,2,0
988.0, elevID,0,  pos,0,  cmd, goto,-1
995.0,Elev,1,  arrived at dest, -1, this call is done!, Elevator call,961.6862856,6,-1,3,1, Done, dt, 33.31371439999998
995.0, elevID,1,  pos,-1,  cmd, goto,7
999.0,Elev,0,  arrived at dest, -1, this call is done!, Elevator call,975.8361203,0,-1,3,0, Done, dt, 23.163879700000052
999.0, elevID,0,  pos,-1,  cmd, goto,10
1004.0,Elev,1,  arrived at src, 7, Elevator call,984.1840186,7,0,2,1
1004.0, elevID,1,  pos,7,  cmd, goto,10
1012.0,Elev,1,  arrived at src, 10, Elevator call,978.5925149,10,0,2,1
1012.0, elevID,1,  pos,10,  cmd, goto,0
1013.0,Elev,0,  arrived at src, 10, Elevator call,978.6210501,10,-1,2,0
1013.0, elevID,0,  pos,10,  cmd, goto,-1
1021.0,Elev,1,  arrived at dest, 0, this call is done!, Elevator call,978.5925149,10,0,3,1, Done, dt, 42.40748510000003
1021.0,Elev,1,  arrived at dest, 0, this call is done!, Elevator call,984.1840186,7,0,3,1, Done, dt, 36.815981400000055
1027.0,Elev,0,  arrived at dest, -1, this call is done!, Elevator call,978.6210501,10,-1,3,0, Done, dt, 48.37894989999995
1028.0,************* Simulation Ended ************
Code Owners,208244012,207270612,  Building_file,B3.json,  Calls,Ex1_calls_case_a_3.csv
Total waiting time: 2823.0,  average waiting time per call: 28.515151515151516,  unCompleted calls,0,  certificate, -42416044
