Ex1 (OOP) Simulator log: stage B2.json,  Ex1_calls_case_a_2.csv
0.0,OOP_Ex1_Elevator_Simulator
0.0,Simulated Building, Building [-2,10]
0) ex1.Elevator_A, Elev_, id,0,  speed, 1.0, open: 2.0,  start: 3.0, close: 2.0,  stop: 3.0
1) ex1.Elevator_A, Elev_, id,1,  speed, 2.0, open: 2.0,  start: 3.0, close: 2.0,  stop: 3.0

0.0,Simulated Period starTime,0.0,  endTime,1104.1840186,  dt,1.0
0.0,Simulated  calls,Elevator log, size: 99
0.0,**** Simulation starts!! ****
17.0,Elevator call,16.95788289,-1,0,1,0, got allocated to elevator, 0
17.0, elevID,0,  pos,0,  cmd, goto,-1
23.0,Elevator call,22.0940563,0,-1,1,0, got allocated to elevator, 0
28.0,Elev,0,  arrived at src, -1, Elevator call,16.95788289,-1,0,2,0
28.0, elevID,0,  pos,-1,  cmd, goto,0
39.0,Elev,0,  arrived at dest, 0, this call is done!, Elevator call,16.95788289,-1,0,3,0, Done, dt, 22.04211711
39.0,Elev,0,  arrived at src, 0, Elevator call,22.0940563,0,-1,2,0
39.0, elevID,0,  pos,0,  cmd, goto,-1
50.0,Elev,0,  arrived at dest, -1, this call is done!, Elevator call,22.0940563,0,-1,3,0, Done, dt, 27.9059437
86.0,Elevator call,85.52096662,3,2,1,1, got allocated to elevator, 1
86.0, elevID,1,  pos,0,  cmd, goto,3
92.0,Elevator call,91.21019413,-1,-2,1,1, got allocated to elevator, 1
98.0,Elev,1,  arrived at src, 3, Elevator call,85.52096662,3,2,2,1
98.0, elevID,1,  pos,3,  cmd, goto,2
105.0,Elevator call,104.1370124,0,4,1,1, got allocated to elevator, 1
109.0,Elev,1,  arrived at dest, 2, this call is done!, Elevator call,85.52096662,3,2,3,1, Done, dt, 23.479033380000004
109.0, elevID,1,  pos,2,  cmd, goto,0
110.0,Elevator call,109.2135291,-1,0,1,0, got allocated to elevator, 0
110.0,Elev,0,  arrived at src, -1, Elevator call,109.2135291,-1,0,2,0
110.0, elevID,0,  pos,-1,  cmd, goto,0
115.0,Elevator call,114.392351,3,0,1,0, got allocated to elevator, 0
120.0,Elev,1,  arrived at src, 0, Elevator call,104.1370124,0,4,2,1
120.0, elevID,1,  pos,0,  cmd, goto,-1
121.0,Elev,0,  arrived at dest, 0, this call is done!, Elevator call,109.2135291,-1,0,3,0, Done, dt, 11.786470899999998
121.0, elevID,0,  pos,0,  cmd, goto,3
125.0,Elevator call,124.425571,0,9,1,1, got allocated to elevator, 1
, elevID,1,  pos,0,  cmd, stop,0
130.0,Elev,1,  arrived at src, 0, Elevator call,124.425571,0,9,2,1
130.0, elevID,1,  pos,0,  cmd, goto,-1
131.0,Elevator call,130.0249568,8,10,1,0, got allocated to elevator, 0
131.0,Elevator call,130.2249113,-1,1,1,1, got allocated to elevator, 1
134.0,Elev,0,  arrived at src, 3, Elevator call,114.392351,3,0,2,0
134.0, elevID,0,  pos,3,  cmd, goto,8
138.0,Elevator call,137.9515274,0,4,1,0, got allocated to elevator, 0
141.0,Elev,1,  arrived at src, -1, Elevator call,91.21019413,-1,-2,2,1
141.0,Elev,1,  arrived at src, -1, Elevator call,130.2249113,-1,1,2,1
141.0, elevID,1,  pos,-1,  cmd, goto,-2
144.0,Elevator call,143.9133584,0,6,1,1, got allocated to elevator, 1
149.0,Elev,0,  arrived at src, 8, Elevator call,130.0249568,8,10,2,0
149.0, elevID,0,  pos,8,  cmd, goto,10
152.0,Elev,1,  arrived at dest, -2, this call is done!, Elevator call,91.21019413,-1,-2,3,1, Done, dt, 60.789805869999995
152.0, elevID,1,  pos,-2,  cmd, goto,0
161.0,Elev,0,  arrived at dest, 10, this call is done!, Elevator call,130.0249568,8,10,3,0, Done, dt, 30.975043199999988
161.0, elevID,0,  pos,10,  cmd, goto,0
163.0,Elev,1,  arrived at src, 0, Elevator call,143.9133584,0,6,2,1
163.0, elevID,1,  pos,0,  cmd, goto,1
170.0,Elevator call,169.7845834,-1,0,1,0, got allocated to elevator, 0
171.0,Elevator call,170.0099621,0,6,1,1, got allocated to elevator, 1
172.0,Elevator call,171.2117332,-1,8,1,0, got allocated to elevator, 0
174.0,Elev,1,  arrived at dest, 1, this call is done!, Elevator call,130.2249113,-1,1,3,1, Done, dt, 43.7750887
174.0, elevID,1,  pos,1,  cmd, goto,4
175.0,Elevator call,174.8438515,0,-1,1,1, got allocated to elevator, 1
181.0,Elev,0,  arrived at dest, 0, this call is done!, Elevator call,114.392351,3,0,3,0, Done, dt, 66.607649
181.0,Elev,0,  arrived at src, 0, Elevator call,137.9515274,0,4,2,0
181.0, elevID,0,  pos,0,  cmd, goto,-1
186.0,Elev,1,  arrived at dest, 4, this call is done!, Elevator call,104.1370124,0,4,3,1, Done, dt, 81.8629876
186.0, elevID,1,  pos,4,  cmd, goto,6
188.0,Elevator call,187.1167862,-1,-2,1,1, got allocated to elevator, 1
188.0,Elevator call,187.7299318,-1,-2,1,0, got allocated to elevator, 0
192.0,Elev,0,  arrived at src, -1, Elevator call,169.7845834,-1,0,2,0
192.0,Elev,0,  arrived at src, -1, Elevator call,171.2117332,-1,8,2,0
192.0,Elev,0,  arrived at src, -1, Elevator call,187.7299318,-1,-2,2,0
192.0, elevID,0,  pos,-1,  cmd, goto,-2
196.0,Elevator call,195.9086965,0,7,1,1, got allocated to elevator, 1
197.0,Elev,1,  arrived at dest, 6, this call is done!, Elevator call,143.9133584,0,6,3,1, Done, dt, 53.08664160000001
197.0, elevID,1,  pos,6,  cmd, goto,9
198.0,Elevator call,197.5359191,-1,1,1,0, got allocated to elevator, 0
203.0,Elev,0,  arrived at dest, -2, this call is done!, Elevator call,187.7299318,-1,-2,3,0, Done, dt, 15.270068199999997
203.0, elevID,0,  pos,-2,  cmd, goto,-1
206.0,Elevator call,205.9895199,-1,0,1,1, got allocated to elevator, 1
209.0,Elev,1,  arrived at dest, 9, this call is done!, Elevator call,124.425571,0,9,3,1, Done, dt, 84.574429
209.0, elevID,1,  pos,9,  cmd, goto,0
214.0,Elev,0,  arrived at src, -1, Elevator call,197.5359191,-1,1,2,0
214.0, elevID,0,  pos,-1,  cmd, goto,0
224.0,Elev,1,  arrived at src, 0, Elevator call,170.0099621,0,6,2,1
224.0,Elev,1,  arrived at src, 0, Elevator call,174.8438515,0,-1,2,1
224.0,Elev,1,  arrived at src, 0, Elevator call,195.9086965,0,7,2,1
224.0, elevID,1,  pos,0,  cmd, goto,-1
225.0,Elev,0,  arrived at dest, 0, this call is done!, Elevator call,169.7845834,-1,0,3,0, Done, dt, 55.2154166
225.0, elevID,0,  pos,0,  cmd, goto,1
228.0,Elevator call,227.0798305,-1,5,1,0, got allocated to elevator, 0
232.0,Elevator call,231.5157882,-1,0,1,1, got allocated to elevator, 1
233.0,Elevator call,232.9504362,0,-1,1,1, got allocated to elevator, 1
235.0,Elev,1,  arrived at dest, -1, this call is done!, Elevator call,174.8438515,0,-1,3,1, Done, dt, 60.1561485
235.0,Elev,1,  arrived at src, -1, Elevator call,187.1167862,-1,-2,2,1
235.0,Elev,1,  arrived at src, -1, Elevator call,205.9895199,-1,0,2,1
235.0,Elev,1,  arrived at src, -1, Elevator call,231.5157882,-1,0,2,1
235.0, elevID,1,  pos,-1,  cmd, goto,-2
236.0,Elev,0,  arrived at dest, 1, this call is done!, Elevator call,197.5359191,-1,1,3,0, Done, dt, 38.4640809
236.0, elevID,0,  pos,1,  cmd, goto,4
246.0,Elev,1,  arrived at dest, -2, this call is done!, Elevator call,187.1167862,-1,-2,3,1, Done, dt, 58.88321379999999
246.0, elevID,1,  pos,-2,  cmd, goto,0
249.0,Elev,0,  arrived at dest, 4, this call is done!, Elevator call,137.9515274,0,4,3,0, Done, dt, 111.0484726
249.0, elevID,0,  pos,4,  cmd, goto,8
252.0,Elevator call,251.1044469,-1,-2,1,0, got allocated to elevator, 0
252.0,Elevator call,251.2359335,0,9,1,1, got allocated to elevator, 1
255.0,Elevator call,254.6977153,3,4,1,0, got allocated to elevator, 0
257.0,Elev,1,  arrived at dest, 0, this call is done!, Elevator call,205.9895199,-1,0,3,1, Done, dt, 51.010480099999995
257.0,Elev,1,  arrived at dest, 0, this call is done!, Elevator call,231.5157882,-1,0,3,1, Done, dt, 25.484211799999997
257.0,Elev,1,  arrived at src, 0, Elevator call,232.9504362,0,-1,2,1
257.0,Elev,1,  arrived at src, 0, Elevator call,251.2359335,0,9,2,1
257.0, elevID,1,  pos,0,  cmd, goto,6
258.0,Elevator call,257.7974435,-1,0,1,0, got allocated to elevator, 0
263.0,Elev,0,  arrived at dest, 8, this call is done!, Elevator call,171.2117332,-1,8,3,0, Done, dt, 91.7882668
263.0, elevID,0,  pos,8,  cmd, goto,3
270.0,Elev,1,  arrived at dest, 6, this call is done!, Elevator call,170.0099621,0,6,3,1, Done, dt, 99.9900379
270.0, elevID,1,  pos,6,  cmd, goto,7
278.0,Elev,0,  arrived at src, 3, Elevator call,254.6977153,3,4,2,0
278.0, elevID,0,  pos,3,  cmd, goto,-1
281.0,Elev,1,  arrived at dest, 7, this call is done!, Elevator call,195.9086965,0,7,3,1, Done, dt, 85.09130350000001
281.0, elevID,1,  pos,7,  cmd, goto,9
292.0,Elev,0,  arrived at src, -1, Elevator call,227.0798305,-1,5,2,0
292.0,Elev,0,  arrived at src, -1, Elevator call,251.1044469,-1,-2,2,0
292.0,Elev,0,  arrived at src, -1, Elevator call,257.7974435,-1,0,2,0
292.0, elevID,0,  pos,-1,  cmd, goto,-2
292.0,Elev,1,  arrived at dest, 9, this call is done!, Elevator call,251.2359335,0,9,3,1, Done, dt, 40.76406650000001
292.0, elevID,1,  pos,9,  cmd, goto,-1
296.0,Elevator call,295.7943357,0,1,1,1, got allocated to elevator, 1
, elevID,1,  pos,9,  cmd, stop,0
303.0,Elev,0,  arrived at dest, -2, this call is done!, Elevator call,251.1044469,-1,-2,3,0, Done, dt, 51.8955531
303.0, elevID,0,  pos,-2,  cmd, goto,0
305.0,Elevator call,304.9984388,6,0,1,0, got allocated to elevator, 0
307.0,Elev,1,  arrived at src, 0, Elevator call,295.7943357,0,1,2,1
307.0, elevID,1,  pos,0,  cmd, goto,-1
310.0,Elevator call,309.3005383,0,-1,1,1, got allocated to elevator, 1
, elevID,1,  pos,0,  cmd, stop,0
313.0,Elevator call,312.3018556,0,-1,1,1, got allocated to elevator, 1
315.0,Elev,0,  arrived at dest, 0, this call is done!, Elevator call,257.7974435,-1,0,3,0, Done, dt, 57.202556500000014
315.0, elevID,0,  pos,0,  cmd, goto,4
317.0,Elevator call,316.0323783,0,-1,1,0, got allocated to elevator, 0
317.0, elevID,0,  pos,0,  cmd, stop,0
317.0,Elev,1,  arrived at src, 0, Elevator call,309.3005383,0,-1,2,1
317.0,Elev,1,  arrived at src, 0, Elevator call,312.3018556,0,-1,2,1
317.0, elevID,1,  pos,0,  cmd, goto,-1
320.0,Elevator call,319.905202,6,5,1,1, got allocated to elevator, 1
321.0,Elevator call,320.9760749,-1,0,1,0, got allocated to elevator, 0
322.0,Elevator call,321.370409,7,-1,1,1, got allocated to elevator, 1
325.0,Elev,0,  arrived at src, 0, Elevator call,316.0323783,0,-1,2,0
325.0, elevID,0,  pos,0,  cmd, goto,4
328.0,Elev,1,  arrived at dest, -1, this call is done!, Elevator call,232.9504362,0,-1,3,1, Done, dt, 95.04956379999999
328.0,Elev,1,  arrived at dest, -1, this call is done!, Elevator call,309.3005383,0,-1,3,1, Done, dt, 18.699461699999972
328.0,Elev,1,  arrived at dest, -1, this call is done!, Elevator call,312.3018556,0,-1,3,1, Done, dt, 15.69814439999999
328.0, elevID,1,  pos,-1,  cmd, goto,1
333.0,Elevator call,332.4267319,0,10,1,0, got allocated to elevator, 0
337.0,Elevator call,336.9304305,-1,0,1,1, got allocated to elevator, 1
339.0,Elev,0,  arrived at dest, 4, this call is done!, Elevator call,254.6977153,3,4,3,0, Done, dt, 84.3022847
339.0, elevID,0,  pos,4,  cmd, goto,5
339.0,Elev,1,  arrived at dest, 1, this call is done!, Elevator call,295.7943357,0,1,3,1, Done, dt, 43.205664300000024
339.0, elevID,1,  pos,1,  cmd, goto,6
350.0,Elev,0,  arrived at dest, 5, this call is done!, Elevator call,227.0798305,-1,5,3,0, Done, dt, 122.92016949999999
350.0, elevID,0,  pos,5,  cmd, goto,6
352.0,Elev,1,  arrived at src, 6, Elevator call,319.905202,6,5,2,1
352.0, elevID,1,  pos,6,  cmd, goto,7
361.0,Elev,0,  arrived at src, 6, Elevator call,304.9984388,6,0,2,0
361.0, elevID,0,  pos,6,  cmd, goto,0
363.0,Elev,1,  arrived at src, 7, Elevator call,321.370409,7,-1,2,1
363.0, elevID,1,  pos,7,  cmd, goto,5
374.0,Elev,1,  arrived at dest, 5, this call is done!, Elevator call,319.905202,6,5,3,1, Done, dt, 54.094798000000026
374.0, elevID,1,  pos,5,  cmd, goto,-1
376.0,Elevator call,375.490481,1,0,1,0, got allocated to elevator, 0
377.0,Elev,0,  arrived at dest, 0, this call is done!, Elevator call,304.9984388,6,0,3,0, Done, dt, 72.00156120000003
377.0,Elev,0,  arrived at src, 0, Elevator call,332.4267319,0,10,2,0
377.0, elevID,0,  pos,0,  cmd, goto,-1
387.0,Elev,1,  arrived at dest, -1, this call is done!, Elevator call,321.370409,7,-1,3,1, Done, dt, 65.629591
387.0,Elev,1,  arrived at src, -1, Elevator call,336.9304305,-1,0,2,1
387.0, elevID,1,  pos,-1,  cmd, goto,0
388.0,Elev,0,  arrived at dest, -1, this call is done!, Elevator call,316.0323783,0,-1,3,0, Done, dt, 71.9676217
388.0,Elev,0,  arrived at src, -1, Elevator call,320.9760749,-1,0,2,0
388.0, elevID,0,  pos,-1,  cmd, goto,0
393.0,Elevator call,392.5160765,0,5,1,1, got allocated to elevator, 1
398.0,Elev,1,  arrived at dest, 0, this call is done!, Elevator call,336.9304305,-1,0,3,1, Done, dt, 61.0695695
398.0,Elev,1,  arrived at src, 0, Elevator call,392.5160765,0,5,2,1
398.0, elevID,1,  pos,0,  cmd, goto,5
399.0,Elev,0,  arrived at dest, 0, this call is done!, Elevator call,320.9760749,-1,0,3,0, Done, dt, 78.02392509999999
399.0, elevID,0,  pos,0,  cmd, goto,1
406.0,Elevator call,405.1821141,-1,10,1,0, got allocated to elevator, 0
410.0,Elev,0,  arrived at src, 1, Elevator call,375.490481,1,0,2,0
410.0, elevID,0,  pos,1,  cmd, goto,10
411.0,Elev,1,  arrived at dest, 5, this call is done!, Elevator call,392.5160765,0,5,3,1, Done, dt, 18.483923500000003
427.0,Elevator call,426.8615805,2,0,1,1, got allocated to elevator, 1
427.0, elevID,1,  pos,5,  cmd, goto,2
429.0,Elev,0,  arrived at dest, 10, this call is done!, Elevator call,332.4267319,0,10,3,0, Done, dt, 96.5732681
429.0, elevID,0,  pos,10,  cmd, goto,0
438.0,Elevator call,437.1711158,1,0,1,1, got allocated to elevator, 1
439.0,Elev,1,  arrived at src, 2, Elevator call,426.8615805,2,0,2,1
439.0, elevID,1,  pos,2,  cmd, goto,1
449.0,Elev,0,  arrived at dest, 0, this call is done!, Elevator call,375.490481,1,0,3,0, Done, dt, 73.50951900000001
449.0, elevID,0,  pos,0,  cmd, goto,-1
450.0,Elev,1,  arrived at src, 1, Elevator call,437.1711158,1,0,2,1
450.0, elevID,1,  pos,1,  cmd, goto,0
460.0,Elev,0,  arrived at src, -1, Elevator call,405.1821141,-1,10,2,0
460.0, elevID,0,  pos,-1,  cmd, goto,10
461.0,Elev,1,  arrived at dest, 0, this call is done!, Elevator call,426.8615805,2,0,3,1, Done, dt, 34.1384195
461.0,Elev,1,  arrived at dest, 0, this call is done!, Elevator call,437.1711158,1,0,3,1, Done, dt, 23.828884200000005
473.0,Elevator call,472.7445474,10,-1,1,0, got allocated to elevator, 0
481.0,Elev,0,  arrived at dest, 10, this call is done!, Elevator call,405.1821141,-1,10,3,0, Done, dt, 75.81788590000002
481.0,Elev,0,  arrived at src, 10, Elevator call,472.7445474,10,-1,2,0
481.0, elevID,0,  pos,10,  cmd, goto,-1
501.0,Elevator call,500.3712045,8,-1,1,1, got allocated to elevator, 1
501.0, elevID,1,  pos,0,  cmd, goto,8
502.0,Elev,0,  arrived at dest, -1, this call is done!, Elevator call,472.7445474,10,-1,3,0, Done, dt, 29.255452600000012
504.0,Elevator call,503.1384784,1,-1,1,1, got allocated to elevator, 1
504.0, elevID,1,  pos,0,  cmd, stop,1
505.0,Elevator call,504.4317942,0,-1,1,0, got allocated to elevator, 0
505.0, elevID,0,  pos,-1,  cmd, goto,0
512.0,Elev,1,  arrived at src, 1, Elevator call,503.1384784,1,-1,2,1
512.0, elevID,1,  pos,1,  cmd, goto,8
516.0,Elev,0,  arrived at src, 0, Elevator call,504.4317942,0,-1,2,0
516.0, elevID,0,  pos,0,  cmd, goto,-1
526.0,Elev,1,  arrived at src, 8, Elevator call,500.3712045,8,-1,2,1
526.0, elevID,1,  pos,8,  cmd, goto,-1
527.0,Elev,0,  arrived at dest, -1, this call is done!, Elevator call,504.4317942,0,-1,3,0, Done, dt, 22.568205799999987
530.0,Elevator call,529.6277472,3,-1,1,1, got allocated to elevator, 1
, elevID,1,  pos,8,  cmd, stop,3
538.0,Elevator call,537.7866884,-1,6,1,0, got allocated to elevator, 0
538.0,Elev,0,  arrived at src, -1, Elevator call,537.7866884,-1,6,2,0
538.0, elevID,0,  pos,-1,  cmd, goto,6
539.0,Elev,1,  arrived at src, 3, Elevator call,529.6277472,3,-1,2,1
539.0, elevID,1,  pos,3,  cmd, goto,-1
545.0,Elevator call,544.7880392,6,-1,1,1, got allocated to elevator, 1
551.0,Elev,1,  arrived at dest, -1, this call is done!, Elevator call,500.3712045,8,-1,3,1, Done, dt, 50.628795500000024
551.0,Elev,1,  arrived at dest, -1, this call is done!, Elevator call,503.1384784,1,-1,3,1, Done, dt, 47.8615216
551.0,Elev,1,  arrived at dest, -1, this call is done!, Elevator call,529.6277472,3,-1,3,1, Done, dt, 21.372252799999956
551.0, elevID,1,  pos,-1,  cmd, goto,6
555.0,Elevator call,554.0892923,4,0,1,0, got allocated to elevator, 0
555.0,Elev,0,  arrived at dest, 6, this call is done!, Elevator call,537.7866884,-1,6,3,0, Done, dt, 17.213311599999997
555.0, elevID,0,  pos,6,  cmd, goto,4
558.0,Elevator call,557.244139,10,0,1,1, got allocated to elevator, 1
565.0,Elev,1,  arrived at src, 6, Elevator call,544.7880392,6,-1,2,1
565.0, elevID,1,  pos,6,  cmd, goto,10
566.0,Elevator call,565.0195522,0,-1,1,0, got allocated to elevator, 0
567.0,Elev,0,  arrived at src, 4, Elevator call,554.0892923,4,0,2,0
567.0, elevID,0,  pos,4,  cmd, goto,0
577.0,Elev,1,  arrived at src, 10, Elevator call,557.244139,10,0,2,1
577.0, elevID,1,  pos,10,  cmd, goto,0
581.0,Elev,0,  arrived at dest, 0, this call is done!, Elevator call,554.0892923,4,0,3,0, Done, dt, 26.91070769999999
581.0,Elev,0,  arrived at src, 0, Elevator call,565.0195522,0,-1,2,0
581.0, elevID,0,  pos,0,  cmd, goto,-1
582.0,Elevator call,581.870309,0,3,1,1, got allocated to elevator, 1
592.0,Elev,0,  arrived at dest, -1, this call is done!, Elevator call,565.0195522,0,-1,3,0, Done, dt, 26.98044779999998
592.0,Elev,1,  arrived at dest, 0, this call is done!, Elevator call,557.244139,10,0,3,1, Done, dt, 34.75586099999998
592.0,Elev,1,  arrived at src, 0, Elevator call,581.870309,0,3,2,1
592.0, elevID,1,  pos,0,  cmd, goto,-1
597.0,Elevator call,596.1232023,8,0,1,0, got allocated to elevator, 0
597.0, elevID,0,  pos,-1,  cmd, goto,8
601.0,Elevator call,600.931288,1,0,1,1, got allocated to elevator, 1
603.0,Elev,1,  arrived at dest, -1, this call is done!, Elevator call,544.7880392,6,-1,3,1, Done, dt, 58.21196080000004
603.0, elevID,1,  pos,-1,  cmd, goto,1
604.0,Elevator call,603.9342327,7,0,1,1, got allocated to elevator, 1
614.0,Elev,1,  arrived at src, 1, Elevator call,600.931288,1,0,2,1
614.0, elevID,1,  pos,1,  cmd, goto,3
616.0,Elev,0,  arrived at src, 8, Elevator call,596.1232023,8,0,2,0
616.0, elevID,0,  pos,8,  cmd, goto,0
618.0,Elevator call,617.9628339,0,3,1,0, got allocated to elevator, 0
620.0,Elevator call,619.6454197,9,0,1,1, got allocated to elevator, 1
625.0,Elev,1,  arrived at dest, 3, this call is done!, Elevator call,581.870309,0,3,3,1, Done, dt, 43.12969099999998
625.0, elevID,1,  pos,3,  cmd, goto,7
627.0,Elevator call,626.2116172,0,1,1,0, got allocated to elevator, 0
634.0,Elev,0,  arrived at dest, 0, this call is done!, Elevator call,596.1232023,8,0,3,0, Done, dt, 37.8767977
634.0,Elev,0,  arrived at src, 0, Elevator call,617.9628339,0,3,2,0
634.0,Elev,0,  arrived at src, 0, Elevator call,626.2116172,0,1,2,0
634.0, elevID,0,  pos,0,  cmd, goto,1
637.0,Elev,1,  arrived at src, 7, Elevator call,603.9342327,7,0,2,1
637.0, elevID,1,  pos,7,  cmd, goto,9
644.0,Elevator call,643.8547515,-1,2,1,0, got allocated to elevator, 0
645.0,Elev,0,  arrived at dest, 1, this call is done!, Elevator call,626.2116172,0,1,3,0, Done, dt, 18.788382800000022
645.0, elevID,0,  pos,1,  cmd, goto,3
648.0,Elev,1,  arrived at src, 9, Elevator call,619.6454197,9,0,2,1
648.0, elevID,1,  pos,9,  cmd, goto,0
657.0,Elev,0,  arrived at dest, 3, this call is done!, Elevator call,617.9628339,0,3,3,0, Done, dt, 39.037166100000036
657.0, elevID,0,  pos,3,  cmd, goto,-1
661.0,Elevator call,660.0732908,6,10,1,1, got allocated to elevator, 1
662.0,Elevator call,661.042082,-1,3,1,0, got allocated to elevator, 0
663.0,Elevator call,662.1730528,-1,5,1,1, got allocated to elevator, 1
663.0,Elev,1,  arrived at dest, 0, this call is done!, Elevator call,600.931288,1,0,3,1, Done, dt, 62.068712000000005
663.0,Elev,1,  arrived at dest, 0, this call is done!, Elevator call,603.9342327,7,0,3,1, Done, dt, 59.06576729999995
663.0,Elev,1,  arrived at dest, 0, this call is done!, Elevator call,619.6454197,9,0,3,1, Done, dt, 43.35458029999995
663.0, elevID,1,  pos,0,  cmd, goto,-1
666.0,Elevator call,665.1155549,-1,8,1,0, got allocated to elevator, 0
667.0,Elevator call,666.0340295,4,0,1,1, got allocated to elevator, 1
667.0,Elevator call,666.2411587,5,-1,1,1, got allocated to elevator, 1
671.0,Elev,0,  arrived at src, -1, Elevator call,643.8547515,-1,2,2,0
671.0,Elev,0,  arrived at src, -1, Elevator call,661.042082,-1,3,2,0
671.0,Elev,0,  arrived at src, -1, Elevator call,665.1155549,-1,8,2,0
671.0, elevID,0,  pos,-1,  cmd, goto,2
673.0,Elevator call,672.6773142,0,-1,1,0, got allocated to elevator, 0
673.0, elevID,0,  pos,-1,  cmd, stop,0
674.0,Elev,1,  arrived at src, -1, Elevator call,662.1730528,-1,5,2,1
674.0, elevID,1,  pos,-1,  cmd, goto,4
678.0,Elevator call,677.7341948,0,-1,1,1, got allocated to elevator, 1
678.0, elevID,1,  pos,-1,  cmd, stop,0
679.0,Elevator call,678.9953585,-1,-2,1,0, got allocated to elevator, 0
682.0,Elev,0,  arrived at src, 0, Elevator call,672.6773142,0,-1,2,0
682.0, elevID,0,  pos,0,  cmd, goto,2
685.0,Elev,1,  arrived at src, 0, Elevator call,677.7341948,0,-1,2,1
685.0, elevID,1,  pos,0,  cmd, goto,4
694.0,Elev,0,  arrived at dest, 2, this call is done!, Elevator call,643.8547515,-1,2,3,0, Done, dt, 50.14524849999998
694.0, elevID,0,  pos,2,  cmd, goto,3
696.0,Elevator call,695.2239882,0,10,1,1, got allocated to elevator, 1
697.0,Elev,1,  arrived at src, 4, Elevator call,666.0340295,4,0,2,1
697.0, elevID,1,  pos,4,  cmd, goto,5
705.0,Elev,0,  arrived at dest, 3, this call is done!, Elevator call,661.042082,-1,3,3,0, Done, dt, 43.95791799999995
705.0, elevID,0,  pos,3,  cmd, goto,8
707.0,Elevator call,706.1583475,-1,-2,1,0, got allocated to elevator, 0
708.0,Elev,1,  arrived at dest, 5, this call is done!, Elevator call,662.1730528,-1,5,3,1, Done, dt, 45.82694719999995
708.0,Elev,1,  arrived at src, 5, Elevator call,666.2411587,5,-1,2,1
708.0, elevID,1,  pos,5,  cmd, goto,6
711.0,Elevator call,710.324977,0,1,1,1, got allocated to elevator, 1
714.0,Elevator call,713.0191971,1,0,1,0, got allocated to elevator, 0
714.0,Elevator call,713.2499766,10,-1,1,1, got allocated to elevator, 1
719.0,Elev,1,  arrived at src, 6, Elevator call,660.0732908,6,10,2,1
719.0, elevID,1,  pos,6,  cmd, goto,10
720.0,Elev,0,  arrived at dest, 8, this call is done!, Elevator call,665.1155549,-1,8,3,0, Done, dt, 54.88444509999999
720.0, elevID,0,  pos,8,  cmd, goto,1
723.0,Elevator call,722.6161213,10,0,1,0, got allocated to elevator, 0
728.0,Elevator call,727.5146029,-1,0,1,1, got allocated to elevator, 1
731.0,Elev,1,  arrived at dest, 10, this call is done!, Elevator call,660.0732908,6,10,3,1, Done, dt, 70.9267092
731.0,Elev,1,  arrived at src, 10, Elevator call,713.2499766,10,-1,2,1
731.0, elevID,1,  pos,10,  cmd, goto,0
733.0,Elevator call,732.9746341,6,-1,1,0, got allocated to elevator, 0
737.0,Elev,0,  arrived at src, 1, Elevator call,713.0191971,1,0,2,0
737.0, elevID,0,  pos,1,  cmd, goto,0
738.0,Elevator call,737.3147202,1,0,1,1, got allocated to elevator, 1
, elevID,1,  pos,6,  cmd, stop,1
746.0,Elev,1,  arrived at src, 1, Elevator call,737.3147202,1,0,2,1
746.0, elevID,1,  pos,1,  cmd, goto,0
748.0,Elev,0,  arrived at dest, 0, this call is done!, Elevator call,713.0191971,1,0,3,0, Done, dt, 34.98080289999996
748.0, elevID,0,  pos,0,  cmd, goto,-1
757.0,Elev,1,  arrived at dest, 0, this call is done!, Elevator call,666.0340295,4,0,3,1, Done, dt, 90.96597050000003
757.0,Elev,1,  arrived at src, 0, Elevator call,695.2239882,0,10,2,1
757.0,Elev,1,  arrived at src, 0, Elevator call,710.324977,0,1,2,1
757.0,Elev,1,  arrived at dest, 0, this call is done!, Elevator call,737.3147202,1,0,3,1, Done, dt, 19.68527979999999
757.0, elevID,1,  pos,0,  cmd, goto,-1
759.0,Elev,0,  arrived at dest, -1, this call is done!, Elevator call,672.6773142,0,-1,3,0, Done, dt, 86.32268580000004
759.0,Elev,0,  arrived at src, -1, Elevator call,678.9953585,-1,-2,2,0
759.0,Elev,0,  arrived at src, -1, Elevator call,706.1583475,-1,-2,2,0
759.0, elevID,0,  pos,-1,  cmd, goto,-2
768.0,Elev,1,  arrived at dest, -1, this call is done!, Elevator call,666.2411587,5,-1,3,1, Done, dt, 101.75884129999997
768.0,Elev,1,  arrived at dest, -1, this call is done!, Elevator call,677.7341948,0,-1,3,1, Done, dt, 90.26580520000005
768.0,Elev,1,  arrived at dest, -1, this call is done!, Elevator call,713.2499766,10,-1,3,1, Done, dt, 54.75002340000003
768.0,Elev,1,  arrived at src, -1, Elevator call,727.5146029,-1,0,2,1
768.0, elevID,1,  pos,-1,  cmd, goto,0
770.0,Elev,0,  arrived at dest, -2, this call is done!, Elevator call,678.9953585,-1,-2,3,0, Done, dt, 91.00464150000005
770.0,Elev,0,  arrived at dest, -2, this call is done!, Elevator call,706.1583475,-1,-2,3,0, Done, dt, 63.84165250000001
770.0, elevID,0,  pos,-2,  cmd, goto,6
779.0,Elev,1,  arrived at dest, 0, this call is done!, Elevator call,727.5146029,-1,0,3,1, Done, dt, 51.4853971
779.0, elevID,1,  pos,0,  cmd, goto,1
780.0,Elevator call,779.3996914,-1,5,1,1, got allocated to elevator, 1
788.0,Elev,0,  arrived at src, 6, Elevator call,732.9746341,6,-1,2,0
788.0, elevID,0,  pos,6,  cmd, goto,10
790.0,Elev,1,  arrived at dest, 1, this call is done!, Elevator call,710.324977,0,1,3,1, Done, dt, 79.67502300000001
790.0, elevID,1,  pos,1,  cmd, goto,10
802.0,Elev,0,  arrived at src, 10, Elevator call,722.6161213,10,0,2,0
802.0, elevID,0,  pos,10,  cmd, goto,0
805.0,Elev,1,  arrived at dest, 10, this call is done!, Elevator call,695.2239882,0,10,3,1, Done, dt, 109.77601179999999
805.0, elevID,1,  pos,10,  cmd, goto,-1
806.0,Elevator call,805.6754743,-1,-2,1,0, got allocated to elevator, 0
811.0,Elevator call,810.4469089,2,0,1,1, got allocated to elevator, 1
, elevID,1,  pos,8,  cmd, stop,2
817.0,Elevator call,816.1516998,7,-1,1,0, got allocated to elevator, 0
819.0,Elev,1,  arrived at src, 2, Elevator call,810.4469089,2,0,2,1
819.0, elevID,1,  pos,2,  cmd, goto,0
822.0,Elev,0,  arrived at dest, 0, this call is done!, Elevator call,722.6161213,10,0,3,0, Done, dt, 99.38387869999997
822.0, elevID,0,  pos,0,  cmd, goto,-1
826.0,Elevator call,825.4575185,7,0,1,1, got allocated to elevator, 1
830.0,Elev,1,  arrived at dest, 0, this call is done!, Elevator call,810.4469089,2,0,3,1, Done, dt, 19.55309109999996
830.0, elevID,1,  pos,0,  cmd, goto,-1
833.0,Elev,0,  arrived at dest, -1, this call is done!, Elevator call,732.9746341,6,-1,3,0, Done, dt, 100.0253659
833.0,Elev,0,  arrived at src, -1, Elevator call,805.6754743,-1,-2,2,0
833.0, elevID,0,  pos,-1,  cmd, goto,-2
840.0,Elevator call,839.8525653,0,1,1,0, got allocated to elevator, 0
841.0,Elev,1,  arrived at src, -1, Elevator call,779.3996914,-1,5,2,1
841.0, elevID,1,  pos,-1,  cmd, goto,5
844.0,Elev,0,  arrived at dest, -2, this call is done!, Elevator call,805.6754743,-1,-2,3,0, Done, dt, 38.32452569999998
844.0, elevID,0,  pos,-2,  cmd, goto,0
854.0,Elev,1,  arrived at dest, 5, this call is done!, Elevator call,779.3996914,-1,5,3,1, Done, dt, 74.60030859999995
854.0, elevID,1,  pos,5,  cmd, goto,7
855.0,Elevator call,854.2002278,6,-1,1,1, got allocated to elevator, 1
855.0, elevID,1,  pos,5,  cmd, stop,6
856.0,Elev,0,  arrived at src, 0, Elevator call,839.8525653,0,1,2,0
856.0, elevID,0,  pos,0,  cmd, goto,1
864.0,Elevator call,863.8932913,0,-1,1,0, got allocated to elevator, 0
865.0,Elev,1,  arrived at src, 6, Elevator call,854.2002278,6,-1,2,1
865.0, elevID,1,  pos,6,  cmd, goto,7
867.0,Elev,0,  arrived at dest, 1, this call is done!, Elevator call,839.8525653,0,1,3,0, Done, dt, 27.147434699999963
867.0, elevID,0,  pos,1,  cmd, goto,7
871.0,Elevator call,870.5053024,0,7,1,1, got allocated to elevator, 1
876.0,Elev,1,  arrived at src, 7, Elevator call,825.4575185,7,0,2,1
876.0, elevID,1,  pos,7,  cmd, goto,0
883.0,Elev,0,  arrived at src, 7, Elevator call,816.1516998,7,-1,2,0
883.0, elevID,0,  pos,7,  cmd, goto,0
887.0,Elevator call,886.5649993,-1,-2,1,0, got allocated to elevator, 0
890.0,Elev,1,  arrived at dest, 0, this call is done!, Elevator call,825.4575185,7,0,3,1, Done, dt, 64.54248150000001
890.0,Elev,1,  arrived at src, 0, Elevator call,870.5053024,0,7,2,1
890.0, elevID,1,  pos,0,  cmd, goto,-1
893.0,Elevator call,892.5212151,9,-1,1,0, got allocated to elevator, 0
900.0,Elev,0,  arrived at src, 0, Elevator call,863.8932913,0,-1,2,0
900.0, elevID,0,  pos,0,  cmd, goto,-1
901.0,Elev,1,  arrived at dest, -1, this call is done!, Elevator call,854.2002278,6,-1,3,1, Done, dt, 46.79977220000001
901.0, elevID,1,  pos,-1,  cmd, goto,7
911.0,Elevator call,910.5388559,6,5,1,1, got allocated to elevator, 1
911.0,Elev,0,  arrived at dest, -1, this call is done!, Elevator call,816.1516998,7,-1,3,0, Done, dt, 94.84830020000004
911.0,Elev,0,  arrived at dest, -1, this call is done!, Elevator call,863.8932913,0,-1,3,0, Done, dt, 47.10670870000001
911.0,Elev,0,  arrived at src, -1, Elevator call,886.5649993,-1,-2,2,0
911.0, elevID,0,  pos,-1,  cmd, goto,-2
915.0,Elev,1,  arrived at dest, 7, this call is done!, Elevator call,870.5053024,0,7,3,1, Done, dt, 44.494697599999995
915.0, elevID,1,  pos,7,  cmd, goto,6
916.0,Elevator call,915.9490575,4,-1,1,1, got allocated to elevator, 1
922.0,Elev,0,  arrived at dest, -2, this call is done!, Elevator call,886.5649993,-1,-2,3,0, Done, dt, 35.435000700000046
922.0, elevID,0,  pos,-2,  cmd, goto,9
926.0,Elev,1,  arrived at src, 6, Elevator call,910.5388559,6,5,2,1
926.0, elevID,1,  pos,6,  cmd, goto,5
934.0,Elevator call,933.8580452,7,5,1,0, got allocated to elevator, 0
934.0, elevID,0,  pos,5,  cmd, stop,7
937.0,Elev,1,  arrived at dest, 5, this call is done!, Elevator call,910.5388559,6,5,3,1, Done, dt, 26.461144099999956
937.0, elevID,1,  pos,5,  cmd, goto,4
941.0,Elev,0,  arrived at src, 7, Elevator call,933.8580452,7,5,2,0
941.0, elevID,0,  pos,7,  cmd, goto,9
948.0,Elev,1,  arrived at src, 4, Elevator call,915.9490575,4,-1,2,1
948.0, elevID,1,  pos,4,  cmd, goto,-1
953.0,Elev,0,  arrived at src, 9, Elevator call,892.5212151,9,-1,2,0
953.0, elevID,0,  pos,9,  cmd, goto,5
961.0,Elev,1,  arrived at dest, -1, this call is done!, Elevator call,915.9490575,4,-1,3,1, Done, dt, 45.05094250000002
962.0,Elevator call,961.6862856,6,-1,1,1, got allocated to elevator, 1
962.0, elevID,1,  pos,-1,  cmd, goto,6
967.0,Elev,0,  arrived at dest, 5, this call is done!, Elevator call,933.8580452,7,5,3,0, Done, dt, 33.14195480000001
967.0, elevID,0,  pos,5,  cmd, goto,-1
973.0,Elevator call,972.8032126,1,0,1,0, got allocated to elevator, 0
, elevID,0,  pos,4,  cmd, stop,1
976.0,Elevator call,975.8361203,0,-1,1,1, got allocated to elevator, 1
976.0,Elev,1,  arrived at src, 6, Elevator call,961.6862856,6,-1,2,1
976.0, elevID,1,  pos,6,  cmd, goto,0
979.0,Elevator call,978.5925149,10,0,1,0, got allocated to elevator, 0
979.0,Elevator call,978.6210501,10,-1,1,1, got allocated to elevator, 1
981.0,Elev,0,  arrived at src, 1, Elevator call,972.8032126,1,0,2,0
981.0, elevID,0,  pos,1,  cmd, goto,0
985.0,Elevator call,984.1840186,7,0,1,1, got allocated to elevator, 1
989.0,Elev,1,  arrived at src, 0, Elevator call,975.8361203,0,-1,2,1
989.0, elevID,1,  pos,0,  cmd, goto,-1
992.0,Elev,0,  arrived at dest, 0, this call is done!, Elevator call,972.8032126,1,0,3,0, Done, dt, 19.19678739999995
992.0, elevID,0,  pos,0,  cmd, goto,-1
1000.0,Elev,1,  arrived at dest, -1, this call is done!, Elevator call,961.6862856,6,-1,3,1, Done, dt, 38.31371439999998
1000.0,Elev,1,  arrived at dest, -1, this call is done!, Elevator call,975.8361203,0,-1,3,1, Done, dt, 24.163879700000052
1000.0, elevID,1,  pos,-1,  cmd, goto,7
1003.0,Elev,0,  arrived at dest, -1, this call is done!, Elevator call,892.5212151,9,-1,3,0, Done, dt, 110.47878490000005
1003.0, elevID,0,  pos,-1,  cmd, goto,10
1014.0,Elev,1,  arrived at src, 7, Elevator call,984.1840186,7,0,2,1
1014.0, elevID,1,  pos,7,  cmd, goto,10
1024.0,Elev,0,  arrived at src, 10, Elevator call,978.5925149,10,0,2,0
1024.0, elevID,0,  pos,10,  cmd, goto,0
1026.0,Elev,1,  arrived at src, 10, Elevator call,978.6210501,10,-1,2,1
1026.0, elevID,1,  pos,10,  cmd, goto,0
1041.0,Elev,1,  arrived at dest, 0, this call is done!, Elevator call,984.1840186,7,0,3,1, Done, dt, 56.815981400000055
1041.0, elevID,1,  pos,0,  cmd, goto,-1
1044.0,Elev,0,  arrived at dest, 0, this call is done!, Elevator call,978.5925149,10,0,3,0, Done, dt, 65.40748510000003
1052.0,Elev,1,  arrived at dest, -1, this call is done!, Elevator call,978.6210501,10,-1,3,1, Done, dt, 73.37894989999995
1053.0,************* Simulation Ended ************
Code Owners,208244012,207270612,  Building_file,B2.json,  Calls,Ex1_calls_case_a_2.csv
Total waiting time: 5369.0,  average waiting time per call: 54.23232323232323,  unCompleted calls,0,  certificate, -207171262
