Ex1 (OOP) Simulator log: stage B5.json,  Ex1_calls_case_a_5.csv
0.0,OOP_Ex1_Elevator_Simulator
0.0,Simulated Building, Building [-10,100]
0) ex1.Elevator_A, Elev_, id,0,  speed, 9.0, open: 1.1111111111111112,  start: 1.6666666666666667, close: 1.1111111111111112,  stop: 1.6666666666666667
1) ex1.Elevator_A, Elev_, id,1,  speed, 7.0, open: 1.4285714285714286,  start: 2.142857142857143, close: 1.4285714285714286,  stop: 2.142857142857143
2) ex1.Elevator_A, Elev_, id,2,  speed, 5.0, open: 2.0,  start: 3.0, close: 2.0,  stop: 3.0
3) ex1.Elevator_A, Elev_, id,3,  speed, 5.0, open: 2.0,  start: 3.0, close: 2.0,  stop: 3.0
4) ex1.Elevator_A, Elev_, id,4,  speed, 3.0, open: 2.0,  start: 3.0, close: 2.0,  stop: 3.0
5) ex1.Elevator_A, Elev_, id,5,  speed, 3.0, open: 2.0,  start: 3.0, close: 2.0,  stop: 3.0
6) ex1.Elevator_A, Elev_, id,6,  speed, 1.5, open: 2.0,  start: 3.0, close: 2.0,  stop: 3.0
7) ex1.Elevator_A, Elev_, id,7,  speed, 9.0, open: 1.1111111111111112,  start: 1.6666666666666667, close: 1.1111111111111112,  stop: 1.6666666666666667
8) ex1.Elevator_A, Elev_, id,8,  speed, 9.0, open: 1.1111111111111112,  start: 1.6666666666666667, close: 1.1111111111111112,  stop: 1.6666666666666667
9) ex1.Elevator_A, Elev_, id,9,  speed, 2.0, open: 2.0,  start: 3.0, close: 2.0,  stop: 3.0

0.0,Simulated Period starTime,0.0,  endTime,1104.1840186,  dt,1.0
0.0,Simulated  calls,Elevator log, size: 99
0.0,**** Simulation starts!! ****
17.0,Elevator call,16.95788289,-1,0,1,0, got allocated to elevator, 0
17.0, elevID,0,  pos,0,  cmd, goto,-1
23.0,Elevator call,22.0940563,0,-1,1,0, got allocated to elevator, 0
23.0,Elev,0,  arrived at src, -1, Elevator call,16.95788289,-1,0,2,0
23.0, elevID,0,  pos,-1,  cmd, goto,0
29.0,Elev,0,  arrived at dest, 0, this call is done!, Elevator call,16.95788289,-1,0,3,0, Done, dt, 12.04211711
29.0,Elev,0,  arrived at src, 0, Elevator call,22.0940563,0,-1,2,0
29.0, elevID,0,  pos,0,  cmd, goto,-1
35.0,Elev,0,  arrived at dest, -1, this call is done!, Elevator call,22.0940563,0,-1,3,0, Done, dt, 12.905943700000002
86.0,Elevator call,85.52096662,3,2,1,7, got allocated to elevator, 7
86.0, elevID,7,  pos,0,  cmd, goto,3
92.0,Elevator call,91.21019413,-1,-2,1,7, got allocated to elevator, 7
92.0,Elev,7,  arrived at src, 3, Elevator call,85.52096662,3,2,2,7
92.0, elevID,7,  pos,3,  cmd, goto,2
98.0,Elev,7,  arrived at dest, 2, this call is done!, Elevator call,85.52096662,3,2,3,7, Done, dt, 12.479033380000004
98.0, elevID,7,  pos,2,  cmd, goto,-1
104.0,Elev,7,  arrived at src, -1, Elevator call,91.21019413,-1,-2,2,7
104.0, elevID,7,  pos,-1,  cmd, goto,-2
105.0,Elevator call,104.1370124,0,4,1,8, got allocated to elevator, 8
105.0,Elev,8,  arrived at src, 0, Elevator call,104.1370124,0,4,2,8
105.0, elevID,8,  pos,0,  cmd, goto,4
110.0,Elevator call,109.2135291,-1,0,1,8, got allocated to elevator, 8
110.0,Elev,7,  arrived at dest, -2, this call is done!, Elevator call,91.21019413,-1,-2,3,7, Done, dt, 18.789805869999995
111.0,Elev,8,  arrived at dest, 4, this call is done!, Elevator call,104.1370124,0,4,3,8, Done, dt, 6.862987599999997
111.0, elevID,8,  pos,4,  cmd, goto,-1
115.0,Elevator call,114.392351,3,0,1,1, got allocated to elevator, 1
115.0, elevID,1,  pos,0,  cmd, goto,3
118.0,Elev,8,  arrived at src, -1, Elevator call,109.2135291,-1,0,2,8
118.0, elevID,8,  pos,-1,  cmd, goto,0
123.0,Elev,1,  arrived at src, 3, Elevator call,114.392351,3,0,2,1
123.0, elevID,1,  pos,3,  cmd, goto,0
124.0,Elev,8,  arrived at dest, 0, this call is done!, Elevator call,109.2135291,-1,0,3,8, Done, dt, 14.786470899999998
125.0,Elevator call,124.425571,0,9,1,1, got allocated to elevator, 1
131.0,Elevator call,130.0249568,8,10,1,2, got allocated to elevator, 2
131.0,Elevator call,130.2249113,-1,1,1,2, got allocated to elevator, 2
131.0,Elev,1,  arrived at dest, 0, this call is done!, Elevator call,114.392351,3,0,3,1, Done, dt, 16.607648999999995
131.0,Elev,1,  arrived at src, 0, Elevator call,124.425571,0,9,2,1
131.0, elevID,1,  pos,0,  cmd, goto,9
131.0, elevID,2,  pos,0,  cmd, goto,-1
138.0,Elevator call,137.9515274,0,4,1,3, got allocated to elevator, 3
138.0,Elev,3,  arrived at src, 0, Elevator call,137.9515274,0,4,2,3
138.0, elevID,3,  pos,0,  cmd, goto,4
140.0,Elev,1,  arrived at dest, 9, this call is done!, Elevator call,124.425571,0,9,3,1, Done, dt, 15.574428999999995
142.0,Elev,2,  arrived at src, -1, Elevator call,130.2249113,-1,1,2,2
142.0, elevID,2,  pos,-1,  cmd, goto,1
144.0,Elevator call,143.9133584,0,6,1,3, got allocated to elevator, 3
149.0,Elev,3,  arrived at dest, 4, this call is done!, Elevator call,137.9515274,0,4,3,3, Done, dt, 11.048472599999997
149.0, elevID,3,  pos,4,  cmd, goto,0
153.0,Elev,2,  arrived at dest, 1, this call is done!, Elevator call,130.2249113,-1,1,3,2, Done, dt, 22.775088699999998
153.0, elevID,2,  pos,1,  cmd, goto,8
160.0,Elev,3,  arrived at src, 0, Elevator call,143.9133584,0,6,2,3
160.0, elevID,3,  pos,0,  cmd, goto,6
165.0,Elev,2,  arrived at src, 8, Elevator call,130.0249568,8,10,2,2
165.0, elevID,2,  pos,8,  cmd, goto,10
170.0,Elevator call,169.7845834,-1,0,1,4, got allocated to elevator, 4
170.0, elevID,4,  pos,0,  cmd, goto,-1
171.0,Elevator call,170.0099621,0,6,1,4, got allocated to elevator, 4
, elevID,4,  pos,0,  cmd, stop,0
172.0,Elevator call,171.2117332,-1,8,1,0, got allocated to elevator, 0
172.0,Elev,0,  arrived at src, -1, Elevator call,171.2117332,-1,8,2,0
172.0, elevID,0,  pos,-1,  cmd, goto,8
172.0,Elev,3,  arrived at dest, 6, this call is done!, Elevator call,143.9133584,0,6,3,3, Done, dt, 28.086641600000007
175.0,Elevator call,174.8438515,0,-1,1,5, got allocated to elevator, 5
175.0,Elev,5,  arrived at src, 0, Elevator call,174.8438515,0,-1,2,5
175.0, elevID,5,  pos,0,  cmd, goto,-1
176.0,Elev,2,  arrived at dest, 10, this call is done!, Elevator call,130.0249568,8,10,3,2, Done, dt, 45.97504319999999
179.0,Elev,0,  arrived at dest, 8, this call is done!, Elevator call,171.2117332,-1,8,3,0, Done, dt, 7.788266800000002
180.0,Elev,4,  arrived at src, 0, Elevator call,170.0099621,0,6,2,4
180.0, elevID,4,  pos,0,  cmd, goto,-1
186.0,Elev,5,  arrived at dest, -1, this call is done!, Elevator call,174.8438515,0,-1,3,5, Done, dt, 11.1561485
188.0,Elevator call,187.1167862,-1,-2,1,5, got allocated to elevator, 5
188.0,Elevator call,187.7299318,-1,-2,1,6, got allocated to elevator, 6
188.0,Elev,5,  arrived at src, -1, Elevator call,187.1167862,-1,-2,2,5
188.0, elevID,5,  pos,-1,  cmd, goto,-2
188.0, elevID,6,  pos,0,  cmd, goto,-1
191.0,Elev,4,  arrived at src, -1, Elevator call,169.7845834,-1,0,2,4
191.0, elevID,4,  pos,-1,  cmd, goto,0
196.0,Elevator call,195.9086965,0,7,1,6, got allocated to elevator, 6
198.0,Elevator call,197.5359191,-1,1,1,9, got allocated to elevator, 9
198.0, elevID,9,  pos,0,  cmd, goto,-1
199.0,Elev,5,  arrived at dest, -2, this call is done!, Elevator call,187.1167862,-1,-2,3,5, Done, dt, 11.883213799999993
199.0,Elev,6,  arrived at src, -1, Elevator call,187.7299318,-1,-2,2,6
199.0, elevID,6,  pos,-1,  cmd, goto,-2
202.0,Elev,4,  arrived at dest, 0, this call is done!, Elevator call,169.7845834,-1,0,3,4, Done, dt, 32.2154166
202.0, elevID,4,  pos,0,  cmd, goto,6
206.0,Elevator call,205.9895199,-1,0,1,9, got allocated to elevator, 9
209.0,Elev,9,  arrived at src, -1, Elevator call,197.5359191,-1,1,2,9
209.0,Elev,9,  arrived at src, -1, Elevator call,205.9895199,-1,0,2,9
209.0, elevID,9,  pos,-1,  cmd, goto,0
210.0,Elev,6,  arrived at dest, -2, this call is done!, Elevator call,187.7299318,-1,-2,3,6, Done, dt, 22.270068199999997
210.0, elevID,6,  pos,-2,  cmd, goto,0
214.0,Elev,4,  arrived at dest, 6, this call is done!, Elevator call,170.0099621,0,6,3,4, Done, dt, 43.990037900000004
220.0,Elev,9,  arrived at dest, 0, this call is done!, Elevator call,205.9895199,-1,0,3,9, Done, dt, 14.010480099999995
220.0, elevID,9,  pos,0,  cmd, goto,1
222.0,Elev,6,  arrived at src, 0, Elevator call,195.9086965,0,7,2,6
222.0, elevID,6,  pos,0,  cmd, goto,7
228.0,Elevator call,227.0798305,-1,5,1,7, got allocated to elevator, 7
228.0, elevID,7,  pos,-2,  cmd, goto,-1
231.0,Elev,9,  arrived at dest, 1, this call is done!, Elevator call,197.5359191,-1,1,3,9, Done, dt, 33.4640809
232.0,Elevator call,231.5157882,-1,0,1,8, got allocated to elevator, 8
232.0, elevID,8,  pos,0,  cmd, goto,-1
233.0,Elevator call,232.9504362,0,-1,1,1, got allocated to elevator, 1
233.0, elevID,1,  pos,9,  cmd, goto,0
234.0,Elev,7,  arrived at src, -1, Elevator call,227.0798305,-1,5,2,7
234.0, elevID,7,  pos,-1,  cmd, goto,5
237.0,Elev,6,  arrived at dest, 7, this call is done!, Elevator call,195.9086965,0,7,3,6, Done, dt, 41.09130350000001
238.0,Elev,8,  arrived at src, -1, Elevator call,231.5157882,-1,0,2,8
238.0, elevID,8,  pos,-1,  cmd, goto,0
241.0,Elev,7,  arrived at dest, 5, this call is done!, Elevator call,227.0798305,-1,5,3,7, Done, dt, 13.920169499999986
242.0,Elev,1,  arrived at src, 0, Elevator call,232.9504362,0,-1,2,1
242.0, elevID,1,  pos,0,  cmd, goto,-1
244.0,Elev,8,  arrived at dest, 0, this call is done!, Elevator call,231.5157882,-1,0,3,8, Done, dt, 12.484211799999997
250.0,Elev,1,  arrived at dest, -1, this call is done!, Elevator call,232.9504362,0,-1,3,1, Done, dt, 17.049563799999987
252.0,Elevator call,251.1044469,-1,-2,1,7, got allocated to elevator, 7
252.0,Elevator call,251.2359335,0,9,1,8, got allocated to elevator, 8
252.0, elevID,7,  pos,5,  cmd, goto,-1
252.0,Elev,8,  arrived at src, 0, Elevator call,251.2359335,0,9,2,8
252.0, elevID,8,  pos,0,  cmd, goto,9
255.0,Elevator call,254.6977153,3,4,1,0, got allocated to elevator, 0
255.0, elevID,0,  pos,8,  cmd, goto,3
258.0,Elevator call,257.7974435,-1,0,1,2, got allocated to elevator, 2
258.0, elevID,2,  pos,10,  cmd, goto,-1
259.0,Elev,7,  arrived at src, -1, Elevator call,251.1044469,-1,-2,2,7
259.0, elevID,7,  pos,-1,  cmd, goto,-2
259.0,Elev,8,  arrived at dest, 9, this call is done!, Elevator call,251.2359335,0,9,3,8, Done, dt, 7.764066500000013
262.0,Elev,0,  arrived at src, 3, Elevator call,254.6977153,3,4,2,0
262.0, elevID,0,  pos,3,  cmd, goto,4
265.0,Elev,7,  arrived at dest, -2, this call is done!, Elevator call,251.1044469,-1,-2,3,7, Done, dt, 13.8955531
268.0,Elev,0,  arrived at dest, 4, this call is done!, Elevator call,254.6977153,3,4,3,0, Done, dt, 13.302284700000001
271.0,Elev,2,  arrived at src, -1, Elevator call,257.7974435,-1,0,2,2
271.0, elevID,2,  pos,-1,  cmd, goto,0
282.0,Elev,2,  arrived at dest, 0, this call is done!, Elevator call,257.7974435,-1,0,3,2, Done, dt, 24.202556500000014
296.0,Elevator call,295.7943357,0,1,1,5, got allocated to elevator, 5
296.0, elevID,5,  pos,-2,  cmd, goto,0
305.0,Elevator call,304.9984388,6,0,1,3, got allocated to elevator, 3
305.0,Elev,3,  arrived at src, 6, Elevator call,304.9984388,6,0,2,3
305.0, elevID,3,  pos,6,  cmd, goto,0
307.0,Elev,5,  arrived at src, 0, Elevator call,295.7943357,0,1,2,5
307.0, elevID,5,  pos,0,  cmd, goto,1
310.0,Elevator call,309.3005383,0,-1,1,9, got allocated to elevator, 9
310.0, elevID,9,  pos,1,  cmd, goto,0
313.0,Elevator call,312.3018556,0,-1,1,4, got allocated to elevator, 4
313.0, elevID,4,  pos,6,  cmd, goto,0
317.0,Elevator call,316.0323783,0,-1,1,7, got allocated to elevator, 7
317.0,Elev,3,  arrived at dest, 0, this call is done!, Elevator call,304.9984388,6,0,3,3, Done, dt, 12.001561200000026
317.0, elevID,7,  pos,-2,  cmd, goto,0
318.0,Elev,5,  arrived at dest, 1, this call is done!, Elevator call,295.7943357,0,1,3,5, Done, dt, 22.205664300000024
320.0,Elevator call,319.905202,6,5,1,1, got allocated to elevator, 1
320.0, elevID,1,  pos,-1,  cmd, goto,6
321.0,Elevator call,320.9760749,-1,0,1,0, got allocated to elevator, 0
321.0, elevID,0,  pos,4,  cmd, goto,-1
321.0,Elev,9,  arrived at src, 0, Elevator call,309.3005383,0,-1,2,9
321.0, elevID,9,  pos,0,  cmd, goto,-1
322.0,Elevator call,321.370409,7,-1,1,8, got allocated to elevator, 8
322.0, elevID,8,  pos,9,  cmd, goto,7
323.0,Elev,7,  arrived at src, 0, Elevator call,316.0323783,0,-1,2,7
323.0, elevID,7,  pos,0,  cmd, goto,-1
325.0,Elev,4,  arrived at src, 0, Elevator call,312.3018556,0,-1,2,4
325.0, elevID,4,  pos,0,  cmd, goto,-1
328.0,Elev,0,  arrived at src, -1, Elevator call,320.9760749,-1,0,2,0
328.0, elevID,0,  pos,-1,  cmd, goto,0
328.0,Elev,8,  arrived at src, 7, Elevator call,321.370409,7,-1,2,8
328.0, elevID,8,  pos,7,  cmd, goto,-1
329.0,Elev,1,  arrived at src, 6, Elevator call,319.905202,6,5,2,1
329.0, elevID,1,  pos,6,  cmd, goto,5
329.0,Elev,7,  arrived at dest, -1, this call is done!, Elevator call,316.0323783,0,-1,3,7, Done, dt, 12.967621699999995
332.0,Elev,9,  arrived at dest, -1, this call is done!, Elevator call,309.3005383,0,-1,3,9, Done, dt, 22.699461699999972
333.0,Elevator call,332.4267319,0,10,1,6, got allocated to elevator, 6
333.0, elevID,6,  pos,7,  cmd, goto,0
334.0,Elev,0,  arrived at dest, 0, this call is done!, Elevator call,320.9760749,-1,0,3,0, Done, dt, 13.023925099999985
335.0,Elev,8,  arrived at dest, -1, this call is done!, Elevator call,321.370409,7,-1,3,8, Done, dt, 13.629591000000005
336.0,Elev,4,  arrived at dest, -1, this call is done!, Elevator call,312.3018556,0,-1,3,4, Done, dt, 23.69814439999999
337.0,Elevator call,336.9304305,-1,0,1,0, got allocated to elevator, 0
337.0, elevID,0,  pos,0,  cmd, goto,-1
337.0,Elev,1,  arrived at dest, 5, this call is done!, Elevator call,319.905202,6,5,3,1, Done, dt, 17.094798000000026
343.0,Elev,0,  arrived at src, -1, Elevator call,336.9304305,-1,0,2,0
343.0, elevID,0,  pos,-1,  cmd, goto,0
348.0,Elev,6,  arrived at src, 0, Elevator call,332.4267319,0,10,2,6
348.0, elevID,6,  pos,0,  cmd, goto,10
349.0,Elev,0,  arrived at dest, 0, this call is done!, Elevator call,336.9304305,-1,0,3,0, Done, dt, 12.0695695
365.0,Elev,6,  arrived at dest, 10, this call is done!, Elevator call,332.4267319,0,10,3,6, Done, dt, 32.57326810000001
376.0,Elevator call,375.490481,1,0,1,7, got allocated to elevator, 7
376.0, elevID,7,  pos,-1,  cmd, goto,1
382.0,Elev,7,  arrived at src, 1, Elevator call,375.490481,1,0,2,7
382.0, elevID,7,  pos,1,  cmd, goto,0
388.0,Elev,7,  arrived at dest, 0, this call is done!, Elevator call,375.490481,1,0,3,7, Done, dt, 12.509519000000012
393.0,Elevator call,392.5160765,0,5,1,1, got allocated to elevator, 1
393.0, elevID,1,  pos,5,  cmd, goto,0
401.0,Elev,1,  arrived at src, 0, Elevator call,392.5160765,0,5,2,1
401.0, elevID,1,  pos,0,  cmd, goto,5
406.0,Elevator call,405.1821141,-1,10,1,8, got allocated to elevator, 8
406.0,Elev,8,  arrived at src, -1, Elevator call,405.1821141,-1,10,2,8
406.0, elevID,8,  pos,-1,  cmd, goto,10
409.0,Elev,1,  arrived at dest, 5, this call is done!, Elevator call,392.5160765,0,5,3,1, Done, dt, 16.483923500000003
413.0,Elev,8,  arrived at dest, 10, this call is done!, Elevator call,405.1821141,-1,10,3,8, Done, dt, 7.817885900000022
427.0,Elevator call,426.8615805,2,0,1,2, got allocated to elevator, 2
427.0, elevID,2,  pos,0,  cmd, goto,2
438.0,Elevator call,437.1711158,1,0,1,5, got allocated to elevator, 5
438.0,Elev,2,  arrived at src, 2, Elevator call,426.8615805,2,0,2,2
438.0, elevID,2,  pos,2,  cmd, goto,0
438.0,Elev,5,  arrived at src, 1, Elevator call,437.1711158,1,0,2,5
438.0, elevID,5,  pos,1,  cmd, goto,0
449.0,Elev,2,  arrived at dest, 0, this call is done!, Elevator call,426.8615805,2,0,3,2, Done, dt, 22.138419499999998
449.0,Elev,5,  arrived at dest, 0, this call is done!, Elevator call,437.1711158,1,0,3,5, Done, dt, 11.828884200000005
473.0,Elevator call,472.7445474,10,-1,1,9, got allocated to elevator, 9
473.0, elevID,9,  pos,-1,  cmd, goto,10
489.0,Elev,9,  arrived at src, 10, Elevator call,472.7445474,10,-1,2,9
489.0, elevID,9,  pos,10,  cmd, goto,-1
501.0,Elevator call,500.3712045,8,-1,1,4, got allocated to elevator, 4
501.0, elevID,4,  pos,-1,  cmd, goto,8
504.0,Elevator call,503.1384784,1,-1,1,3, got allocated to elevator, 3
504.0, elevID,3,  pos,0,  cmd, goto,1
505.0,Elevator call,504.4317942,0,-1,1,0, got allocated to elevator, 0
505.0,Elev,0,  arrived at src, 0, Elevator call,504.4317942,0,-1,2,0
505.0, elevID,0,  pos,0,  cmd, goto,-1
505.0,Elev,9,  arrived at dest, -1, this call is done!, Elevator call,472.7445474,10,-1,3,9, Done, dt, 32.25545260000001
511.0,Elev,0,  arrived at dest, -1, this call is done!, Elevator call,504.4317942,0,-1,3,0, Done, dt, 6.568205799999987
514.0,Elev,4,  arrived at src, 8, Elevator call,500.3712045,8,-1,2,4
514.0, elevID,4,  pos,8,  cmd, goto,-1
515.0,Elev,3,  arrived at src, 1, Elevator call,503.1384784,1,-1,2,3
515.0, elevID,3,  pos,1,  cmd, goto,-1
526.0,Elev,3,  arrived at dest, -1, this call is done!, Elevator call,503.1384784,1,-1,3,3, Done, dt, 22.861521600000003
527.0,Elev,4,  arrived at dest, -1, this call is done!, Elevator call,500.3712045,8,-1,3,4, Done, dt, 26.628795500000024
530.0,Elevator call,529.6277472,3,-1,1,7, got allocated to elevator, 7
530.0, elevID,7,  pos,0,  cmd, goto,3
536.0,Elev,7,  arrived at src, 3, Elevator call,529.6277472,3,-1,2,7
536.0, elevID,7,  pos,3,  cmd, goto,-1
538.0,Elevator call,537.7866884,-1,6,1,8, got allocated to elevator, 8
538.0, elevID,8,  pos,10,  cmd, goto,-1
542.0,Elev,7,  arrived at dest, -1, this call is done!, Elevator call,529.6277472,3,-1,3,7, Done, dt, 12.372252799999956
545.0,Elevator call,544.7880392,6,-1,1,1, got allocated to elevator, 1
545.0, elevID,1,  pos,5,  cmd, goto,6
545.0,Elev,8,  arrived at src, -1, Elevator call,537.7866884,-1,6,2,8
545.0, elevID,8,  pos,-1,  cmd, goto,6
552.0,Elev,8,  arrived at dest, 6, this call is done!, Elevator call,537.7866884,-1,6,3,8, Done, dt, 14.213311599999997
553.0,Elev,1,  arrived at src, 6, Elevator call,544.7880392,6,-1,2,1
553.0, elevID,1,  pos,6,  cmd, goto,-1
555.0,Elevator call,554.0892923,4,0,1,0, got allocated to elevator, 0
555.0, elevID,0,  pos,-1,  cmd, goto,4
558.0,Elevator call,557.244139,10,0,1,7, got allocated to elevator, 7
558.0, elevID,7,  pos,-1,  cmd, goto,10
562.0,Elev,0,  arrived at src, 4, Elevator call,554.0892923,4,0,2,0
562.0, elevID,0,  pos,4,  cmd, goto,0
562.0,Elev,1,  arrived at dest, -1, this call is done!, Elevator call,544.7880392,6,-1,3,1, Done, dt, 17.211960800000043
565.0,Elev,7,  arrived at src, 10, Elevator call,557.244139,10,0,2,7
565.0, elevID,7,  pos,10,  cmd, goto,0
566.0,Elevator call,565.0195522,0,-1,1,2, got allocated to elevator, 2
566.0,Elev,2,  arrived at src, 0, Elevator call,565.0195522,0,-1,2,2
566.0, elevID,2,  pos,0,  cmd, goto,-1
568.0,Elev,0,  arrived at dest, 0, this call is done!, Elevator call,554.0892923,4,0,3,0, Done, dt, 13.910707699999989
572.0,Elev,7,  arrived at dest, 0, this call is done!, Elevator call,557.244139,10,0,3,7, Done, dt, 14.755860999999982
577.0,Elev,2,  arrived at dest, -1, this call is done!, Elevator call,565.0195522,0,-1,3,2, Done, dt, 11.980447799999979
582.0,Elevator call,581.870309,0,3,1,5, got allocated to elevator, 5
582.0,Elev,5,  arrived at src, 0, Elevator call,581.870309,0,3,2,5
582.0, elevID,5,  pos,0,  cmd, goto,3
593.0,Elev,5,  arrived at dest, 3, this call is done!, Elevator call,581.870309,0,3,3,5, Done, dt, 11.12969099999998
597.0,Elevator call,596.1232023,8,0,1,6, got allocated to elevator, 6
597.0, elevID,6,  pos,10,  cmd, goto,8
601.0,Elevator call,600.931288,1,0,1,8, got allocated to elevator, 8
601.0, elevID,8,  pos,6,  cmd, goto,1
604.0,Elevator call,603.9342327,7,0,1,3, got allocated to elevator, 3
604.0, elevID,3,  pos,-1,  cmd, goto,7
608.0,Elev,8,  arrived at src, 1, Elevator call,600.931288,1,0,2,8
608.0, elevID,8,  pos,1,  cmd, goto,0
609.0,Elev,6,  arrived at src, 8, Elevator call,596.1232023,8,0,2,6
609.0, elevID,6,  pos,8,  cmd, goto,0
614.0,Elev,8,  arrived at dest, 0, this call is done!, Elevator call,600.931288,1,0,3,8, Done, dt, 13.068712000000005
616.0,Elev,3,  arrived at src, 7, Elevator call,603.9342327,7,0,2,3
616.0, elevID,3,  pos,7,  cmd, goto,0
618.0,Elevator call,617.9628339,0,3,1,4, got allocated to elevator, 4
618.0, elevID,4,  pos,-1,  cmd, goto,0
620.0,Elevator call,619.6454197,9,0,1,1, got allocated to elevator, 1
620.0, elevID,1,  pos,-1,  cmd, goto,9
625.0,Elev,6,  arrived at dest, 0, this call is done!, Elevator call,596.1232023,8,0,3,6, Done, dt, 28.876797699999997
627.0,Elevator call,626.2116172,0,1,1,0, got allocated to elevator, 0
627.0,Elev,0,  arrived at src, 0, Elevator call,626.2116172,0,1,2,0
627.0, elevID,0,  pos,0,  cmd, goto,1
628.0,Elev,3,  arrived at dest, 0, this call is done!, Elevator call,603.9342327,7,0,3,3, Done, dt, 24.065767299999948
629.0,Elev,1,  arrived at src, 9, Elevator call,619.6454197,9,0,2,1
629.0, elevID,1,  pos,9,  cmd, goto,0
629.0,Elev,4,  arrived at src, 0, Elevator call,617.9628339,0,3,2,4
629.0, elevID,4,  pos,0,  cmd, goto,3
633.0,Elev,0,  arrived at dest, 1, this call is done!, Elevator call,626.2116172,0,1,3,0, Done, dt, 6.788382800000022
638.0,Elev,1,  arrived at dest, 0, this call is done!, Elevator call,619.6454197,9,0,3,1, Done, dt, 18.354580299999952
640.0,Elev,4,  arrived at dest, 3, this call is done!, Elevator call,617.9628339,0,3,3,4, Done, dt, 22.037166100000036
644.0,Elevator call,643.8547515,-1,2,1,7, got allocated to elevator, 7
644.0, elevID,7,  pos,0,  cmd, goto,-1
650.0,Elev,7,  arrived at src, -1, Elevator call,643.8547515,-1,2,2,7
650.0, elevID,7,  pos,-1,  cmd, goto,2
656.0,Elev,7,  arrived at dest, 2, this call is done!, Elevator call,643.8547515,-1,2,3,7, Done, dt, 12.14524849999998
661.0,Elevator call,660.0732908,6,10,1,9, got allocated to elevator, 9
661.0, elevID,9,  pos,-1,  cmd, goto,6
662.0,Elevator call,661.042082,-1,3,1,8, got allocated to elevator, 8
662.0, elevID,8,  pos,0,  cmd, goto,-1
663.0,Elevator call,662.1730528,-1,5,1,2, got allocated to elevator, 2
663.0,Elev,2,  arrived at src, -1, Elevator call,662.1730528,-1,5,2,2
663.0, elevID,2,  pos,-1,  cmd, goto,5
666.0,Elevator call,665.1155549,-1,8,1,0, got allocated to elevator, 0
666.0, elevID,0,  pos,1,  cmd, goto,-1
667.0,Elevator call,666.0340295,4,0,1,5, got allocated to elevator, 5
667.0,Elevator call,666.2411587,5,-1,1,7, got allocated to elevator, 7
667.0, elevID,5,  pos,3,  cmd, goto,4
667.0, elevID,7,  pos,2,  cmd, goto,5
668.0,Elev,8,  arrived at src, -1, Elevator call,661.042082,-1,3,2,8
668.0, elevID,8,  pos,-1,  cmd, goto,3
672.0,Elev,0,  arrived at src, -1, Elevator call,665.1155549,-1,8,2,0
672.0, elevID,0,  pos,-1,  cmd, goto,8
673.0,Elevator call,672.6773142,0,-1,1,1, got allocated to elevator, 1
673.0,Elev,1,  arrived at src, 0, Elevator call,672.6773142,0,-1,2,1
673.0, elevID,1,  pos,0,  cmd, goto,-1
673.0,Elev,7,  arrived at src, 5, Elevator call,666.2411587,5,-1,2,7
673.0, elevID,7,  pos,5,  cmd, goto,-1
674.0,Elev,8,  arrived at dest, 3, this call is done!, Elevator call,661.042082,-1,3,3,8, Done, dt, 12.95791799999995
675.0,Elev,2,  arrived at dest, 5, this call is done!, Elevator call,662.1730528,-1,5,3,2, Done, dt, 12.82694719999995
675.0,Elev,9,  arrived at src, 6, Elevator call,660.0732908,6,10,2,9
675.0, elevID,9,  pos,6,  cmd, goto,10
678.0,Elevator call,677.7341948,0,-1,1,3, got allocated to elevator, 3
678.0,Elev,3,  arrived at src, 0, Elevator call,677.7341948,0,-1,2,3
678.0, elevID,3,  pos,0,  cmd, goto,-1
678.0,Elev,5,  arrived at src, 4, Elevator call,666.0340295,4,0,2,5
678.0, elevID,5,  pos,4,  cmd, goto,0
679.0,Elevator call,678.9953585,-1,-2,1,8, got allocated to elevator, 8
679.0,Elev,0,  arrived at dest, 8, this call is done!, Elevator call,665.1155549,-1,8,3,0, Done, dt, 13.884445099999994
679.0, elevID,8,  pos,3,  cmd, goto,-1
680.0,Elev,7,  arrived at dest, -1, this call is done!, Elevator call,666.2411587,5,-1,3,7, Done, dt, 13.758841299999972
681.0,Elev,1,  arrived at dest, -1, this call is done!, Elevator call,672.6773142,0,-1,3,1, Done, dt, 8.322685800000045
685.0,Elev,8,  arrived at src, -1, Elevator call,678.9953585,-1,-2,2,8
685.0, elevID,8,  pos,-1,  cmd, goto,-2
687.0,Elev,9,  arrived at dest, 10, this call is done!, Elevator call,660.0732908,6,10,3,9, Done, dt, 26.926709200000005
689.0,Elev,3,  arrived at dest, -1, this call is done!, Elevator call,677.7341948,0,-1,3,3, Done, dt, 11.265805200000045
690.0,Elev,5,  arrived at dest, 0, this call is done!, Elevator call,666.0340295,4,0,3,5, Done, dt, 23.965970500000026
691.0,Elev,8,  arrived at dest, -2, this call is done!, Elevator call,678.9953585,-1,-2,3,8, Done, dt, 12.004641500000048
696.0,Elevator call,695.2239882,0,10,1,4, got allocated to elevator, 4
696.0, elevID,4,  pos,3,  cmd, goto,0
707.0,Elevator call,706.1583475,-1,-2,1,6, got allocated to elevator, 6
707.0,Elev,4,  arrived at src, 0, Elevator call,695.2239882,0,10,2,4
707.0, elevID,4,  pos,0,  cmd, goto,10
707.0, elevID,6,  pos,0,  cmd, goto,-1
711.0,Elevator call,710.324977,0,1,1,0, got allocated to elevator, 0
711.0, elevID,0,  pos,8,  cmd, goto,0
714.0,Elevator call,713.0191971,1,0,1,7, got allocated to elevator, 7
714.0,Elevator call,713.2499766,10,-1,1,9, got allocated to elevator, 9
714.0, elevID,7,  pos,-1,  cmd, goto,1
714.0,Elev,9,  arrived at src, 10, Elevator call,713.2499766,10,-1,2,9
714.0, elevID,9,  pos,10,  cmd, goto,-1
718.0,Elev,0,  arrived at src, 0, Elevator call,710.324977,0,1,2,0
718.0, elevID,0,  pos,0,  cmd, goto,1
718.0,Elev,6,  arrived at src, -1, Elevator call,706.1583475,-1,-2,2,6
718.0, elevID,6,  pos,-1,  cmd, goto,-2
720.0,Elev,7,  arrived at src, 1, Elevator call,713.0191971,1,0,2,7
720.0, elevID,7,  pos,1,  cmd, goto,0
721.0,Elev,4,  arrived at dest, 10, this call is done!, Elevator call,695.2239882,0,10,3,4, Done, dt, 25.776011799999992
723.0,Elevator call,722.6161213,10,0,1,8, got allocated to elevator, 8
723.0, elevID,8,  pos,-2,  cmd, goto,10
724.0,Elev,0,  arrived at dest, 1, this call is done!, Elevator call,710.324977,0,1,3,0, Done, dt, 13.67502300000001
726.0,Elev,7,  arrived at dest, 0, this call is done!, Elevator call,713.0191971,1,0,3,7, Done, dt, 12.980802899999958
728.0,Elevator call,727.5146029,-1,0,1,2, got allocated to elevator, 2
728.0, elevID,2,  pos,5,  cmd, goto,-1
729.0,Elev,6,  arrived at dest, -2, this call is done!, Elevator call,706.1583475,-1,-2,3,6, Done, dt, 22.84165250000001
730.0,Elev,8,  arrived at src, 10, Elevator call,722.6161213,10,0,2,8
730.0, elevID,8,  pos,10,  cmd, goto,0
730.0,Elev,9,  arrived at dest, -1, this call is done!, Elevator call,713.2499766,10,-1,3,9, Done, dt, 16.750023400000032
733.0,Elevator call,732.9746341,6,-1,1,1, got allocated to elevator, 1
733.0, elevID,1,  pos,-1,  cmd, goto,6
737.0,Elev,8,  arrived at dest, 0, this call is done!, Elevator call,722.6161213,10,0,3,8, Done, dt, 14.383878699999968
738.0,Elevator call,737.3147202,1,0,1,5, got allocated to elevator, 5
738.0, elevID,5,  pos,0,  cmd, goto,1
740.0,Elev,2,  arrived at src, -1, Elevator call,727.5146029,-1,0,2,2
740.0, elevID,2,  pos,-1,  cmd, goto,0
742.0,Elev,1,  arrived at src, 6, Elevator call,732.9746341,6,-1,2,1
742.0, elevID,1,  pos,6,  cmd, goto,-1
749.0,Elev,5,  arrived at src, 1, Elevator call,737.3147202,1,0,2,5
749.0, elevID,5,  pos,1,  cmd, goto,0
751.0,Elev,1,  arrived at dest, -1, this call is done!, Elevator call,732.9746341,6,-1,3,1, Done, dt, 18.025365899999997
751.0,Elev,2,  arrived at dest, 0, this call is done!, Elevator call,727.5146029,-1,0,3,2, Done, dt, 23.4853971
760.0,Elev,5,  arrived at dest, 0, this call is done!, Elevator call,737.3147202,1,0,3,5, Done, dt, 22.68527979999999
780.0,Elevator call,779.3996914,-1,5,1,0, got allocated to elevator, 0
780.0, elevID,0,  pos,1,  cmd, goto,-1
786.0,Elev,0,  arrived at src, -1, Elevator call,779.3996914,-1,5,2,0
786.0, elevID,0,  pos,-1,  cmd, goto,5
793.0,Elev,0,  arrived at dest, 5, this call is done!, Elevator call,779.3996914,-1,5,3,0, Done, dt, 13.600308599999948
806.0,Elevator call,805.6754743,-1,-2,1,7, got allocated to elevator, 7
806.0, elevID,7,  pos,0,  cmd, goto,-1
811.0,Elevator call,810.4469089,2,0,1,3, got allocated to elevator, 3
811.0, elevID,3,  pos,-1,  cmd, goto,2
812.0,Elev,7,  arrived at src, -1, Elevator call,805.6754743,-1,-2,2,7
812.0, elevID,7,  pos,-1,  cmd, goto,-2
817.0,Elevator call,816.1516998,7,-1,1,6, got allocated to elevator, 6
817.0, elevID,6,  pos,-2,  cmd, goto,7
818.0,Elev,7,  arrived at dest, -2, this call is done!, Elevator call,805.6754743,-1,-2,3,7, Done, dt, 12.324525699999981
822.0,Elev,3,  arrived at src, 2, Elevator call,810.4469089,2,0,2,3
822.0, elevID,3,  pos,2,  cmd, goto,0
826.0,Elevator call,825.4575185,7,0,1,8, got allocated to elevator, 8
826.0, elevID,8,  pos,0,  cmd, goto,7
833.0,Elev,3,  arrived at dest, 0, this call is done!, Elevator call,810.4469089,2,0,3,3, Done, dt, 22.55309109999996
833.0,Elev,6,  arrived at src, 7, Elevator call,816.1516998,7,-1,2,6
833.0, elevID,6,  pos,7,  cmd, goto,-1
833.0,Elev,8,  arrived at src, 7, Elevator call,825.4575185,7,0,2,8
833.0, elevID,8,  pos,7,  cmd, goto,0
840.0,Elevator call,839.8525653,0,1,1,4, got allocated to elevator, 4
840.0, elevID,4,  pos,10,  cmd, goto,0
840.0,Elev,8,  arrived at dest, 0, this call is done!, Elevator call,825.4575185,7,0,3,8, Done, dt, 14.542481500000008
849.0,Elev,6,  arrived at dest, -1, this call is done!, Elevator call,816.1516998,7,-1,3,6, Done, dt, 32.84830020000004
854.0,Elev,4,  arrived at src, 0, Elevator call,839.8525653,0,1,2,4
854.0, elevID,4,  pos,0,  cmd, goto,1
855.0,Elevator call,854.2002278,6,-1,1,0, got allocated to elevator, 0
855.0, elevID,0,  pos,5,  cmd, goto,6
861.0,Elev,0,  arrived at src, 6, Elevator call,854.2002278,6,-1,2,0
861.0, elevID,0,  pos,6,  cmd, goto,-1
864.0,Elevator call,863.8932913,0,-1,1,7, got allocated to elevator, 7
864.0, elevID,7,  pos,-2,  cmd, goto,0
865.0,Elev,4,  arrived at dest, 1, this call is done!, Elevator call,839.8525653,0,1,3,4, Done, dt, 25.147434699999963
868.0,Elev,0,  arrived at dest, -1, this call is done!, Elevator call,854.2002278,6,-1,3,0, Done, dt, 13.799772200000007
870.0,Elev,7,  arrived at src, 0, Elevator call,863.8932913,0,-1,2,7
870.0, elevID,7,  pos,0,  cmd, goto,-1
871.0,Elevator call,870.5053024,0,7,1,1, got allocated to elevator, 1
871.0, elevID,1,  pos,-1,  cmd, goto,0
876.0,Elev,7,  arrived at dest, -1, this call is done!, Elevator call,863.8932913,0,-1,3,7, Done, dt, 12.106708700000013
879.0,Elev,1,  arrived at src, 0, Elevator call,870.5053024,0,7,2,1
879.0, elevID,1,  pos,0,  cmd, goto,7
887.0,Elevator call,886.5649993,-1,-2,1,2, got allocated to elevator, 2
887.0, elevID,2,  pos,0,  cmd, goto,-1
888.0,Elev,1,  arrived at dest, 7, this call is done!, Elevator call,870.5053024,0,7,3,1, Done, dt, 17.494697599999995
893.0,Elevator call,892.5212151,9,-1,1,5, got allocated to elevator, 5
893.0, elevID,5,  pos,0,  cmd, goto,9
898.0,Elev,2,  arrived at src, -1, Elevator call,886.5649993,-1,-2,2,2
898.0, elevID,2,  pos,-1,  cmd, goto,-2
906.0,Elev,5,  arrived at src, 9, Elevator call,892.5212151,9,-1,2,5
906.0, elevID,5,  pos,9,  cmd, goto,-1
909.0,Elev,2,  arrived at dest, -2, this call is done!, Elevator call,886.5649993,-1,-2,3,2, Done, dt, 22.435000700000046
911.0,Elevator call,910.5388559,6,5,1,8, got allocated to elevator, 8
911.0, elevID,8,  pos,0,  cmd, goto,6
916.0,Elevator call,915.9490575,4,-1,1,9, got allocated to elevator, 9
916.0, elevID,9,  pos,-1,  cmd, goto,4
918.0,Elev,8,  arrived at src, 6, Elevator call,910.5388559,6,5,2,8
918.0, elevID,8,  pos,6,  cmd, goto,5
920.0,Elev,5,  arrived at dest, -1, this call is done!, Elevator call,892.5212151,9,-1,3,5, Done, dt, 27.47878490000005
924.0,Elev,8,  arrived at dest, 5, this call is done!, Elevator call,910.5388559,6,5,3,8, Done, dt, 13.461144099999956
929.0,Elev,9,  arrived at src, 4, Elevator call,915.9490575,4,-1,2,9
929.0, elevID,9,  pos,4,  cmd, goto,-1
934.0,Elevator call,933.8580452,7,5,1,3, got allocated to elevator, 3
934.0, elevID,3,  pos,0,  cmd, goto,7
942.0,Elev,9,  arrived at dest, -1, this call is done!, Elevator call,915.9490575,4,-1,3,9, Done, dt, 26.05094250000002
946.0,Elev,3,  arrived at src, 7, Elevator call,933.8580452,7,5,2,3
946.0, elevID,3,  pos,7,  cmd, goto,5
957.0,Elev,3,  arrived at dest, 5, this call is done!, Elevator call,933.8580452,7,5,3,3, Done, dt, 23.141954800000008
962.0,Elevator call,961.6862856,6,-1,1,0, got allocated to elevator, 0
962.0, elevID,0,  pos,-1,  cmd, goto,6
969.0,Elev,0,  arrived at src, 6, Elevator call,961.6862856,6,-1,2,0
969.0, elevID,0,  pos,6,  cmd, goto,-1
973.0,Elevator call,972.8032126,1,0,1,7, got allocated to elevator, 7
973.0, elevID,7,  pos,-1,  cmd, goto,1
976.0,Elevator call,975.8361203,0,-1,1,1, got allocated to elevator, 1
976.0,Elev,0,  arrived at dest, -1, this call is done!, Elevator call,961.6862856,6,-1,3,0, Done, dt, 14.31371439999998
976.0, elevID,1,  pos,7,  cmd, goto,0
979.0,Elevator call,978.5925149,10,0,1,8, got allocated to elevator, 8
979.0,Elevator call,978.6210501,10,-1,1,4, got allocated to elevator, 4
979.0, elevID,4,  pos,1,  cmd, goto,10
979.0,Elev,7,  arrived at src, 1, Elevator call,972.8032126,1,0,2,7
979.0, elevID,7,  pos,1,  cmd, goto,0
979.0, elevID,8,  pos,5,  cmd, goto,10
985.0,Elevator call,984.1840186,7,0,1,7, got allocated to elevator, 7
985.0,Elev,1,  arrived at src, 0, Elevator call,975.8361203,0,-1,2,1
985.0, elevID,1,  pos,0,  cmd, goto,-1
985.0,Elev,7,  arrived at dest, 0, this call is done!, Elevator call,972.8032126,1,0,3,7, Done, dt, 12.196787399999948
985.0, elevID,7,  pos,0,  cmd, goto,7
986.0,Elev,8,  arrived at src, 10, Elevator call,978.5925149,10,0,2,8
986.0, elevID,8,  pos,10,  cmd, goto,0
992.0,Elev,4,  arrived at src, 10, Elevator call,978.6210501,10,-1,2,4
992.0, elevID,4,  pos,10,  cmd, goto,-1
992.0,Elev,7,  arrived at src, 7, Elevator call,984.1840186,7,0,2,7
992.0, elevID,7,  pos,7,  cmd, goto,0
993.0,Elev,1,  arrived at dest, -1, this call is done!, Elevator call,975.8361203,0,-1,3,1, Done, dt, 17.163879700000052
993.0,Elev,8,  arrived at dest, 0, this call is done!, Elevator call,978.5925149,10,0,3,8, Done, dt, 14.40748510000003
999.0,Elev,7,  arrived at dest, 0, this call is done!, Elevator call,984.1840186,7,0,3,7, Done, dt, 14.815981400000055
1006.0,Elev,4,  arrived at dest, -1, this call is done!, Elevator call,978.6210501,10,-1,3,4, Done, dt, 27.378949899999952
1007.0,************* Simulation Ended ************
Code Owners,208244012,207270612,  Building_file,B5.json,  Calls,Ex1_calls_case_a_5.csv
Total waiting time: 1735.0,  average waiting time per call: 17.525252525252526,  unCompleted calls,0,  certificate, -71012733
