Ex1 (OOP) Simulator log: stage B4.json,  Ex1_calls_case_a_4.csv
0.0,OOP_Ex1_Elevator_Simulator
0.0,Simulated Building, Building [-10,100]
0) ex1.Elevator_A, Elev_, id,0,  speed, 1.0, open: 2.0,  start: 3.0, close: 2.0,  stop: 3.0
1) ex1.Elevator_A, Elev_, id,1,  speed, 2.0, open: 2.0,  start: 3.0, close: 2.0,  stop: 3.0
2) ex1.Elevator_A, Elev_, id,2,  speed, 8.0, open: 1.25,  start: 1.875, close: 1.25,  stop: 1.875
3) ex1.Elevator_A, Elev_, id,3,  speed, 6.0, open: 1.6666666666666667,  start: 2.5, close: 1.6666666666666667,  stop: 2.5
4) ex1.Elevator_A, Elev_, id,4,  speed, 2.0, open: 2.0,  start: 3.0, close: 2.0,  stop: 3.0

0.0,Simulated Period starTime,0.0,  endTime,1104.1840186,  dt,1.0
0.0,Simulated  calls,Elevator log, size: 99
0.0,**** Simulation starts!! ****
17.0,Elevator call,16.95788289,-1,0,1,2, got allocated to elevator, 2
17.0, elevID,2,  pos,0,  cmd, goto,-1
23.0,Elevator call,22.0940563,0,-1,1,2, got allocated to elevator, 2
24.0,Elev,2,  arrived at src, -1, Elevator call,16.95788289,-1,0,2,2
24.0, elevID,2,  pos,-1,  cmd, goto,0
31.0,Elev,2,  arrived at dest, 0, this call is done!, Elevator call,16.95788289,-1,0,3,2, Done, dt, 14.04211711
31.0,Elev,2,  arrived at src, 0, Elevator call,22.0940563,0,-1,2,2
31.0, elevID,2,  pos,0,  cmd, goto,-1
38.0,Elev,2,  arrived at dest, -1, this call is done!, Elevator call,22.0940563,0,-1,3,2, Done, dt, 15.905943700000002
86.0,Elevator call,85.52096662,3,2,1,3, got allocated to elevator, 3
86.0, elevID,3,  pos,0,  cmd, goto,3
92.0,Elevator call,91.21019413,-1,-2,1,3, got allocated to elevator, 3
95.0,Elev,3,  arrived at src, 3, Elevator call,85.52096662,3,2,2,3
95.0, elevID,3,  pos,3,  cmd, goto,2
104.0,Elev,3,  arrived at dest, 2, this call is done!, Elevator call,85.52096662,3,2,3,3, Done, dt, 18.479033380000004
104.0, elevID,3,  pos,2,  cmd, goto,-1
105.0,Elevator call,104.1370124,0,4,1,1, got allocated to elevator, 1
105.0,Elev,1,  arrived at src, 0, Elevator call,104.1370124,0,4,2,1
105.0, elevID,1,  pos,0,  cmd, goto,4
110.0,Elevator call,109.2135291,-1,0,1,0, got allocated to elevator, 0
110.0, elevID,0,  pos,0,  cmd, goto,-1
113.0,Elev,3,  arrived at src, -1, Elevator call,91.21019413,-1,-2,2,3
113.0, elevID,3,  pos,-1,  cmd, goto,-2
115.0,Elevator call,114.392351,3,0,1,0, got allocated to elevator, 0
117.0,Elev,1,  arrived at dest, 4, this call is done!, Elevator call,104.1370124,0,4,3,1, Done, dt, 12.862987599999997
121.0,Elev,0,  arrived at src, -1, Elevator call,109.2135291,-1,0,2,0
121.0, elevID,0,  pos,-1,  cmd, goto,0
122.0,Elev,3,  arrived at dest, -2, this call is done!, Elevator call,91.21019413,-1,-2,3,3, Done, dt, 30.789805869999995
125.0,Elevator call,124.425571,0,9,1,1, got allocated to elevator, 1
125.0, elevID,1,  pos,4,  cmd, goto,0
131.0,Elevator call,130.0249568,8,10,1,4, got allocated to elevator, 4
131.0,Elevator call,130.2249113,-1,1,1,4, got allocated to elevator, 4
131.0, elevID,4,  pos,0,  cmd, goto,-1
132.0,Elev,0,  arrived at dest, 0, this call is done!, Elevator call,109.2135291,-1,0,3,0, Done, dt, 22.786470899999998
132.0, elevID,0,  pos,0,  cmd, goto,3
137.0,Elev,1,  arrived at src, 0, Elevator call,124.425571,0,9,2,1
137.0, elevID,1,  pos,0,  cmd, goto,9
138.0,Elevator call,137.9515274,0,4,1,2, got allocated to elevator, 2
138.0, elevID,2,  pos,-1,  cmd, goto,0
142.0,Elev,4,  arrived at src, -1, Elevator call,130.2249113,-1,1,2,4
142.0, elevID,4,  pos,-1,  cmd, goto,1
144.0,Elevator call,143.9133584,0,6,1,3, got allocated to elevator, 3
144.0, elevID,3,  pos,-2,  cmd, goto,0
145.0,Elev,0,  arrived at src, 3, Elevator call,114.392351,3,0,2,0
145.0, elevID,0,  pos,3,  cmd, goto,0
145.0,Elev,2,  arrived at src, 0, Elevator call,137.9515274,0,4,2,2
145.0, elevID,2,  pos,0,  cmd, goto,4
152.0,Elev,1,  arrived at dest, 9, this call is done!, Elevator call,124.425571,0,9,3,1, Done, dt, 27.574428999999995
152.0,Elev,2,  arrived at dest, 4, this call is done!, Elevator call,137.9515274,0,4,3,2, Done, dt, 14.048472599999997
153.0,Elev,3,  arrived at src, 0, Elevator call,143.9133584,0,6,2,3
153.0, elevID,3,  pos,0,  cmd, goto,6
153.0,Elev,4,  arrived at dest, 1, this call is done!, Elevator call,130.2249113,-1,1,3,4, Done, dt, 22.775088699999998
153.0, elevID,4,  pos,1,  cmd, goto,8
158.0,Elev,0,  arrived at dest, 0, this call is done!, Elevator call,114.392351,3,0,3,0, Done, dt, 43.607648999999995
163.0,Elev,3,  arrived at dest, 6, this call is done!, Elevator call,143.9133584,0,6,3,3, Done, dt, 19.086641600000007
167.0,Elev,4,  arrived at src, 8, Elevator call,130.0249568,8,10,2,4
167.0, elevID,4,  pos,8,  cmd, goto,10
170.0,Elevator call,169.7845834,-1,0,1,2, got allocated to elevator, 2
170.0, elevID,2,  pos,4,  cmd, goto,-1
171.0,Elevator call,170.0099621,0,6,1,4, got allocated to elevator, 4
172.0,Elevator call,171.2117332,-1,8,1,0, got allocated to elevator, 0
172.0, elevID,0,  pos,0,  cmd, goto,-1
175.0,Elevator call,174.8438515,0,-1,1,2, got allocated to elevator, 2
177.0,Elev,2,  arrived at src, -1, Elevator call,169.7845834,-1,0,2,2
177.0, elevID,2,  pos,-1,  cmd, goto,0
178.0,Elev,4,  arrived at dest, 10, this call is done!, Elevator call,130.0249568,8,10,3,4, Done, dt, 47.97504319999999
178.0, elevID,4,  pos,10,  cmd, goto,0
183.0,Elev,0,  arrived at src, -1, Elevator call,171.2117332,-1,8,2,0
183.0, elevID,0,  pos,-1,  cmd, goto,8
184.0,Elev,2,  arrived at dest, 0, this call is done!, Elevator call,169.7845834,-1,0,3,2, Done, dt, 14.215416599999998
184.0,Elev,2,  arrived at src, 0, Elevator call,174.8438515,0,-1,2,2
184.0, elevID,2,  pos,0,  cmd, goto,-1
188.0,Elevator call,187.1167862,-1,-2,1,3, got allocated to elevator, 3
188.0,Elevator call,187.7299318,-1,-2,1,1, got allocated to elevator, 1
188.0, elevID,1,  pos,9,  cmd, goto,-1
188.0, elevID,3,  pos,6,  cmd, goto,-1
191.0,Elev,2,  arrived at dest, -1, this call is done!, Elevator call,174.8438515,0,-1,3,2, Done, dt, 16.1561485
193.0,Elev,4,  arrived at src, 0, Elevator call,170.0099621,0,6,2,4
193.0, elevID,4,  pos,0,  cmd, goto,6
196.0,Elevator call,195.9086965,0,7,1,2, got allocated to elevator, 2
196.0, elevID,2,  pos,-1,  cmd, goto,0
198.0,Elevator call,197.5359191,-1,1,1,4, got allocated to elevator, 4
198.0,Elev,3,  arrived at src, -1, Elevator call,187.1167862,-1,-2,2,3
198.0, elevID,3,  pos,-1,  cmd, goto,-2
202.0,Elev,0,  arrived at dest, 8, this call is done!, Elevator call,171.2117332,-1,8,3,0, Done, dt, 30.788266800000002
203.0,Elev,1,  arrived at src, -1, Elevator call,187.7299318,-1,-2,2,1
203.0, elevID,1,  pos,-1,  cmd, goto,-2
203.0,Elev,2,  arrived at src, 0, Elevator call,195.9086965,0,7,2,2
203.0, elevID,2,  pos,0,  cmd, goto,7
206.0,Elevator call,205.9895199,-1,0,1,3, got allocated to elevator, 3
206.0,Elev,4,  arrived at dest, 6, this call is done!, Elevator call,170.0099621,0,6,3,4, Done, dt, 35.990037900000004
206.0, elevID,4,  pos,6,  cmd, goto,-1
207.0,Elev,3,  arrived at dest, -2, this call is done!, Elevator call,187.1167862,-1,-2,3,3, Done, dt, 19.883213799999993
207.0, elevID,3,  pos,-2,  cmd, goto,-1
211.0,Elev,2,  arrived at dest, 7, this call is done!, Elevator call,195.9086965,0,7,3,2, Done, dt, 15.09130350000001
214.0,Elev,1,  arrived at dest, -2, this call is done!, Elevator call,187.7299318,-1,-2,3,1, Done, dt, 26.270068199999997
216.0,Elev,3,  arrived at src, -1, Elevator call,205.9895199,-1,0,2,3
216.0, elevID,3,  pos,-1,  cmd, goto,0
220.0,Elev,4,  arrived at src, -1, Elevator call,197.5359191,-1,1,2,4
220.0, elevID,4,  pos,-1,  cmd, goto,1
225.0,Elev,3,  arrived at dest, 0, this call is done!, Elevator call,205.9895199,-1,0,3,3, Done, dt, 19.010480099999995
228.0,Elevator call,227.0798305,-1,5,1,1, got allocated to elevator, 1
228.0, elevID,1,  pos,-2,  cmd, goto,-1
231.0,Elev,4,  arrived at dest, 1, this call is done!, Elevator call,197.5359191,-1,1,3,4, Done, dt, 33.4640809
232.0,Elevator call,231.5157882,-1,0,1,2, got allocated to elevator, 2
232.0, elevID,2,  pos,7,  cmd, goto,-1
233.0,Elevator call,232.9504362,0,-1,1,0, got allocated to elevator, 0
233.0, elevID,0,  pos,8,  cmd, goto,0
239.0,Elev,1,  arrived at src, -1, Elevator call,227.0798305,-1,5,2,1
239.0, elevID,1,  pos,-1,  cmd, goto,5
240.0,Elev,2,  arrived at src, -1, Elevator call,231.5157882,-1,0,2,2
240.0, elevID,2,  pos,-1,  cmd, goto,0
247.0,Elev,2,  arrived at dest, 0, this call is done!, Elevator call,231.5157882,-1,0,3,2, Done, dt, 15.484211799999997
251.0,Elev,0,  arrived at src, 0, Elevator call,232.9504362,0,-1,2,0
251.0, elevID,0,  pos,0,  cmd, goto,-1
252.0,Elevator call,251.1044469,-1,-2,1,3, got allocated to elevator, 3
252.0,Elevator call,251.2359335,0,9,1,2, got allocated to elevator, 2
252.0,Elev,1,  arrived at dest, 5, this call is done!, Elevator call,227.0798305,-1,5,3,1, Done, dt, 24.920169499999986
252.0,Elev,2,  arrived at src, 0, Elevator call,251.2359335,0,9,2,2
252.0, elevID,2,  pos,0,  cmd, goto,9
252.0, elevID,3,  pos,0,  cmd, goto,-1
255.0,Elevator call,254.6977153,3,4,1,4, got allocated to elevator, 4
255.0, elevID,4,  pos,1,  cmd, goto,3
258.0,Elevator call,257.7974435,-1,0,1,1, got allocated to elevator, 1
258.0, elevID,1,  pos,5,  cmd, goto,-1
260.0,Elev,2,  arrived at dest, 9, this call is done!, Elevator call,251.2359335,0,9,3,2, Done, dt, 8.764066500000013
261.0,Elev,3,  arrived at src, -1, Elevator call,251.1044469,-1,-2,2,3
261.0, elevID,3,  pos,-1,  cmd, goto,-2
262.0,Elev,0,  arrived at dest, -1, this call is done!, Elevator call,232.9504362,0,-1,3,0, Done, dt, 29.049563799999987
266.0,Elev,4,  arrived at src, 3, Elevator call,254.6977153,3,4,2,4
266.0, elevID,4,  pos,3,  cmd, goto,4
270.0,Elev,3,  arrived at dest, -2, this call is done!, Elevator call,251.1044469,-1,-2,3,3, Done, dt, 18.8955531
271.0,Elev,1,  arrived at src, -1, Elevator call,257.7974435,-1,0,2,1
271.0, elevID,1,  pos,-1,  cmd, goto,0
277.0,Elev,4,  arrived at dest, 4, this call is done!, Elevator call,254.6977153,3,4,3,4, Done, dt, 22.3022847
282.0,Elev,1,  arrived at dest, 0, this call is done!, Elevator call,257.7974435,-1,0,3,1, Done, dt, 24.202556500000014
296.0,Elevator call,295.7943357,0,1,1,3, got allocated to elevator, 3
296.0, elevID,3,  pos,-2,  cmd, goto,0
305.0,Elevator call,304.9984388,6,0,1,0, got allocated to elevator, 0
305.0, elevID,0,  pos,-1,  cmd, goto,6
305.0,Elev,3,  arrived at src, 0, Elevator call,295.7943357,0,1,2,3
305.0, elevID,3,  pos,0,  cmd, goto,1
310.0,Elevator call,309.3005383,0,-1,1,2, got allocated to elevator, 2
310.0, elevID,2,  pos,9,  cmd, goto,0
313.0,Elevator call,312.3018556,0,-1,1,4, got allocated to elevator, 4
313.0, elevID,4,  pos,4,  cmd, goto,0
314.0,Elev,3,  arrived at dest, 1, this call is done!, Elevator call,295.7943357,0,1,3,3, Done, dt, 18.205664300000024
317.0,Elevator call,316.0323783,0,-1,1,2, got allocated to elevator, 2
318.0,Elev,2,  arrived at src, 0, Elevator call,309.3005383,0,-1,2,2
318.0,Elev,2,  arrived at src, 0, Elevator call,316.0323783,0,-1,2,2
318.0, elevID,2,  pos,0,  cmd, goto,-1
320.0,Elevator call,319.905202,6,5,1,3, got allocated to elevator, 3
320.0, elevID,3,  pos,1,  cmd, goto,6
321.0,Elevator call,320.9760749,-1,0,1,1, got allocated to elevator, 1
321.0, elevID,1,  pos,0,  cmd, goto,-1
322.0,Elevator call,321.370409,7,-1,1,2, got allocated to elevator, 2
322.0,Elev,0,  arrived at src, 6, Elevator call,304.9984388,6,0,2,0
322.0, elevID,0,  pos,6,  cmd, goto,0
325.0,Elev,2,  arrived at dest, -1, this call is done!, Elevator call,309.3005383,0,-1,3,2, Done, dt, 15.699461699999972
325.0,Elev,2,  arrived at dest, -1, this call is done!, Elevator call,316.0323783,0,-1,3,2, Done, dt, 8.967621699999995
325.0, elevID,2,  pos,-1,  cmd, goto,7
325.0,Elev,4,  arrived at src, 0, Elevator call,312.3018556,0,-1,2,4
325.0, elevID,4,  pos,0,  cmd, goto,-1
330.0,Elev,3,  arrived at src, 6, Elevator call,319.905202,6,5,2,3
330.0, elevID,3,  pos,6,  cmd, goto,5
332.0,Elev,1,  arrived at src, -1, Elevator call,320.9760749,-1,0,2,1
332.0, elevID,1,  pos,-1,  cmd, goto,0
333.0,Elevator call,332.4267319,0,10,1,4, got allocated to elevator, 4
333.0,Elev,2,  arrived at src, 7, Elevator call,321.370409,7,-1,2,2
333.0, elevID,2,  pos,7,  cmd, goto,-1
336.0,Elev,4,  arrived at dest, -1, this call is done!, Elevator call,312.3018556,0,-1,3,4, Done, dt, 23.69814439999999
336.0, elevID,4,  pos,-1,  cmd, goto,0
337.0,Elevator call,336.9304305,-1,0,1,3, got allocated to elevator, 3
338.0,Elev,0,  arrived at dest, 0, this call is done!, Elevator call,304.9984388,6,0,3,0, Done, dt, 33.001561200000026
339.0,Elev,3,  arrived at dest, 5, this call is done!, Elevator call,319.905202,6,5,3,3, Done, dt, 19.094798000000026
339.0, elevID,3,  pos,5,  cmd, goto,-1
341.0,Elev,2,  arrived at dest, -1, this call is done!, Elevator call,321.370409,7,-1,3,2, Done, dt, 19.629591000000005
343.0,Elev,1,  arrived at dest, 0, this call is done!, Elevator call,320.9760749,-1,0,3,1, Done, dt, 22.023925099999985
347.0,Elev,4,  arrived at src, 0, Elevator call,332.4267319,0,10,2,4
347.0, elevID,4,  pos,0,  cmd, goto,10
349.0,Elev,3,  arrived at src, -1, Elevator call,336.9304305,-1,0,2,3
349.0, elevID,3,  pos,-1,  cmd, goto,0
358.0,Elev,3,  arrived at dest, 0, this call is done!, Elevator call,336.9304305,-1,0,3,3, Done, dt, 21.0695695
362.0,Elev,4,  arrived at dest, 10, this call is done!, Elevator call,332.4267319,0,10,3,4, Done, dt, 29.573268100000007
376.0,Elevator call,375.490481,1,0,1,0, got allocated to elevator, 0
376.0, elevID,0,  pos,0,  cmd, goto,1
387.0,Elev,0,  arrived at src, 1, Elevator call,375.490481,1,0,2,0
387.0, elevID,0,  pos,1,  cmd, goto,0
393.0,Elevator call,392.5160765,0,5,1,1, got allocated to elevator, 1
393.0,Elev,1,  arrived at src, 0, Elevator call,392.5160765,0,5,2,1
393.0, elevID,1,  pos,0,  cmd, goto,5
398.0,Elev,0,  arrived at dest, 0, this call is done!, Elevator call,375.490481,1,0,3,0, Done, dt, 22.50951900000001
406.0,Elevator call,405.1821141,-1,10,1,2, got allocated to elevator, 2
406.0,Elev,1,  arrived at dest, 5, this call is done!, Elevator call,392.5160765,0,5,3,1, Done, dt, 13.483923500000003
406.0,Elev,2,  arrived at src, -1, Elevator call,405.1821141,-1,10,2,2
406.0, elevID,2,  pos,-1,  cmd, goto,10
414.0,Elev,2,  arrived at dest, 10, this call is done!, Elevator call,405.1821141,-1,10,3,2, Done, dt, 8.817885900000022
427.0,Elevator call,426.8615805,2,0,1,3, got allocated to elevator, 3
427.0, elevID,3,  pos,0,  cmd, goto,2
436.0,Elev,3,  arrived at src, 2, Elevator call,426.8615805,2,0,2,3
436.0, elevID,3,  pos,2,  cmd, goto,0
438.0,Elevator call,437.1711158,1,0,1,0, got allocated to elevator, 0
438.0, elevID,0,  pos,0,  cmd, goto,1
445.0,Elev,3,  arrived at dest, 0, this call is done!, Elevator call,426.8615805,2,0,3,3, Done, dt, 18.138419499999998
449.0,Elev,0,  arrived at src, 1, Elevator call,437.1711158,1,0,2,0
449.0, elevID,0,  pos,1,  cmd, goto,0
460.0,Elev,0,  arrived at dest, 0, this call is done!, Elevator call,437.1711158,1,0,3,0, Done, dt, 22.828884200000005
473.0,Elevator call,472.7445474,10,-1,1,2, got allocated to elevator, 2
473.0,Elev,2,  arrived at src, 10, Elevator call,472.7445474,10,-1,2,2
473.0, elevID,2,  pos,10,  cmd, goto,-1
481.0,Elev,2,  arrived at dest, -1, this call is done!, Elevator call,472.7445474,10,-1,3,2, Done, dt, 8.255452600000012
501.0,Elevator call,500.3712045,8,-1,1,4, got allocated to elevator, 4
501.0, elevID,4,  pos,10,  cmd, goto,8
504.0,Elevator call,503.1384784,1,-1,1,1, got allocated to elevator, 1
504.0, elevID,1,  pos,5,  cmd, goto,1
505.0,Elevator call,504.4317942,0,-1,1,3, got allocated to elevator, 3
505.0,Elev,3,  arrived at src, 0, Elevator call,504.4317942,0,-1,2,3
505.0, elevID,3,  pos,0,  cmd, goto,-1
512.0,Elev,4,  arrived at src, 8, Elevator call,500.3712045,8,-1,2,4
512.0, elevID,4,  pos,8,  cmd, goto,-1
514.0,Elev,3,  arrived at dest, -1, this call is done!, Elevator call,504.4317942,0,-1,3,3, Done, dt, 9.568205799999987
516.0,Elev,1,  arrived at src, 1, Elevator call,503.1384784,1,-1,2,1
516.0, elevID,1,  pos,1,  cmd, goto,-1
527.0,Elev,1,  arrived at dest, -1, this call is done!, Elevator call,503.1384784,1,-1,3,1, Done, dt, 23.861521600000003
527.0,Elev,4,  arrived at dest, -1, this call is done!, Elevator call,500.3712045,8,-1,3,4, Done, dt, 26.628795500000024
530.0,Elevator call,529.6277472,3,-1,1,2, got allocated to elevator, 2
530.0, elevID,2,  pos,-1,  cmd, goto,3
537.0,Elev,2,  arrived at src, 3, Elevator call,529.6277472,3,-1,2,2
537.0, elevID,2,  pos,3,  cmd, goto,-1
538.0,Elevator call,537.7866884,-1,6,1,0, got allocated to elevator, 0
538.0, elevID,0,  pos,0,  cmd, goto,-1
544.0,Elev,2,  arrived at dest, -1, this call is done!, Elevator call,529.6277472,3,-1,3,2, Done, dt, 14.372252799999956
545.0,Elevator call,544.7880392,6,-1,1,3, got allocated to elevator, 3
545.0, elevID,3,  pos,-1,  cmd, goto,6
549.0,Elev,0,  arrived at src, -1, Elevator call,537.7866884,-1,6,2,0
549.0, elevID,0,  pos,-1,  cmd, goto,6
555.0,Elevator call,554.0892923,4,0,1,1, got allocated to elevator, 1
555.0, elevID,1,  pos,-1,  cmd, goto,4
555.0,Elev,3,  arrived at src, 6, Elevator call,544.7880392,6,-1,2,3
555.0, elevID,3,  pos,6,  cmd, goto,-1
558.0,Elevator call,557.244139,10,0,1,2, got allocated to elevator, 2
558.0, elevID,2,  pos,-1,  cmd, goto,10
565.0,Elev,3,  arrived at dest, -1, this call is done!, Elevator call,544.7880392,6,-1,3,3, Done, dt, 20.211960800000043
566.0,Elevator call,565.0195522,0,-1,1,4, got allocated to elevator, 4
566.0,Elev,0,  arrived at dest, 6, this call is done!, Elevator call,537.7866884,-1,6,3,0, Done, dt, 28.213311599999997
566.0,Elev,2,  arrived at src, 10, Elevator call,557.244139,10,0,2,2
566.0, elevID,2,  pos,10,  cmd, goto,0
566.0, elevID,4,  pos,-1,  cmd, goto,0
568.0,Elev,1,  arrived at src, 4, Elevator call,554.0892923,4,0,2,1
568.0, elevID,1,  pos,4,  cmd, goto,0
574.0,Elev,2,  arrived at dest, 0, this call is done!, Elevator call,557.244139,10,0,3,2, Done, dt, 16.75586099999998
577.0,Elev,4,  arrived at src, 0, Elevator call,565.0195522,0,-1,2,4
577.0, elevID,4,  pos,0,  cmd, goto,-1
580.0,Elev,1,  arrived at dest, 0, this call is done!, Elevator call,554.0892923,4,0,3,1, Done, dt, 25.91070769999999
582.0,Elevator call,581.870309,0,3,1,2, got allocated to elevator, 2
582.0,Elev,2,  arrived at src, 0, Elevator call,581.870309,0,3,2,2
582.0, elevID,2,  pos,0,  cmd, goto,3
588.0,Elev,4,  arrived at dest, -1, this call is done!, Elevator call,565.0195522,0,-1,3,4, Done, dt, 22.98044779999998
589.0,Elev,2,  arrived at dest, 3, this call is done!, Elevator call,581.870309,0,3,3,2, Done, dt, 7.12969099999998
597.0,Elevator call,596.1232023,8,0,1,3, got allocated to elevator, 3
597.0, elevID,3,  pos,-1,  cmd, goto,8
601.0,Elevator call,600.931288,1,0,1,1, got allocated to elevator, 1
601.0, elevID,1,  pos,0,  cmd, goto,1
604.0,Elevator call,603.9342327,7,0,1,4, got allocated to elevator, 4
604.0, elevID,4,  pos,-1,  cmd, goto,7
607.0,Elev,3,  arrived at src, 8, Elevator call,596.1232023,8,0,2,3
607.0, elevID,3,  pos,8,  cmd, goto,0
612.0,Elev,1,  arrived at src, 1, Elevator call,600.931288,1,0,2,1
612.0, elevID,1,  pos,1,  cmd, goto,0
617.0,Elev,3,  arrived at dest, 0, this call is done!, Elevator call,596.1232023,8,0,3,3, Done, dt, 20.876797699999997
618.0,Elevator call,617.9628339,0,3,1,0, got allocated to elevator, 0
618.0, elevID,0,  pos,6,  cmd, goto,0
618.0,Elev,4,  arrived at src, 7, Elevator call,603.9342327,7,0,2,4
618.0, elevID,4,  pos,7,  cmd, goto,0
620.0,Elevator call,619.6454197,9,0,1,2, got allocated to elevator, 2
620.0, elevID,2,  pos,3,  cmd, goto,9
623.0,Elev,1,  arrived at dest, 0, this call is done!, Elevator call,600.931288,1,0,3,1, Done, dt, 22.068712000000005
627.0,Elevator call,626.2116172,0,1,1,3, got allocated to elevator, 3
627.0,Elev,2,  arrived at src, 9, Elevator call,619.6454197,9,0,2,2
627.0, elevID,2,  pos,9,  cmd, goto,0
627.0,Elev,3,  arrived at src, 0, Elevator call,626.2116172,0,1,2,3
627.0, elevID,3,  pos,0,  cmd, goto,1
632.0,Elev,4,  arrived at dest, 0, this call is done!, Elevator call,603.9342327,7,0,3,4, Done, dt, 28.065767299999948
634.0,Elev,0,  arrived at src, 0, Elevator call,617.9628339,0,3,2,0
634.0, elevID,0,  pos,0,  cmd, goto,3
635.0,Elev,2,  arrived at dest, 0, this call is done!, Elevator call,619.6454197,9,0,3,2, Done, dt, 15.354580299999952
636.0,Elev,3,  arrived at dest, 1, this call is done!, Elevator call,626.2116172,0,1,3,3, Done, dt, 9.788382800000022
644.0,Elevator call,643.8547515,-1,2,1,1, got allocated to elevator, 1
644.0, elevID,1,  pos,0,  cmd, goto,-1
647.0,Elev,0,  arrived at dest, 3, this call is done!, Elevator call,617.9628339,0,3,3,0, Done, dt, 29.037166100000036
655.0,Elev,1,  arrived at src, -1, Elevator call,643.8547515,-1,2,2,1
655.0, elevID,1,  pos,-1,  cmd, goto,2
661.0,Elevator call,660.0732908,6,10,1,2, got allocated to elevator, 2
661.0, elevID,2,  pos,0,  cmd, goto,6
662.0,Elevator call,661.042082,-1,3,1,4, got allocated to elevator, 4
662.0, elevID,4,  pos,0,  cmd, goto,-1
663.0,Elevator call,662.1730528,-1,5,1,0, got allocated to elevator, 0
663.0, elevID,0,  pos,3,  cmd, goto,-1
666.0,Elevator call,665.1155549,-1,8,1,3, got allocated to elevator, 3
666.0, elevID,3,  pos,1,  cmd, goto,-1
667.0,Elevator call,666.0340295,4,0,1,2, got allocated to elevator, 2
667.0,Elevator call,666.2411587,5,-1,1,1, got allocated to elevator, 1
667.0,Elev,1,  arrived at dest, 2, this call is done!, Elevator call,643.8547515,-1,2,3,1, Done, dt, 23.14524849999998
667.0, elevID,1,  pos,2,  cmd, goto,5
668.0,Elev,2,  arrived at src, 6, Elevator call,660.0732908,6,10,2,2
668.0, elevID,2,  pos,6,  cmd, goto,10
673.0,Elevator call,672.6773142,0,-1,1,2, got allocated to elevator, 2
673.0,Elev,4,  arrived at src, -1, Elevator call,661.042082,-1,3,2,4
673.0, elevID,4,  pos,-1,  cmd, goto,3
675.0,Elev,2,  arrived at dest, 10, this call is done!, Elevator call,660.0732908,6,10,3,2, Done, dt, 14.926709200000005
675.0, elevID,2,  pos,10,  cmd, goto,4
675.0,Elev,3,  arrived at src, -1, Elevator call,665.1155549,-1,8,2,3
675.0, elevID,3,  pos,-1,  cmd, goto,8
677.0,Elev,0,  arrived at src, -1, Elevator call,662.1730528,-1,5,2,0
677.0, elevID,0,  pos,-1,  cmd, goto,5
678.0,Elevator call,677.7341948,0,-1,1,3, got allocated to elevator, 3
678.0, elevID,3,  pos,-1,  cmd, stop,0
679.0,Elevator call,678.9953585,-1,-2,1,4, got allocated to elevator, 4
679.0,Elev,1,  arrived at src, 5, Elevator call,666.2411587,5,-1,2,1
679.0, elevID,1,  pos,5,  cmd, goto,-1
682.0,Elev,2,  arrived at src, 4, Elevator call,666.0340295,4,0,2,2
682.0, elevID,2,  pos,4,  cmd, goto,0
684.0,Elev,3,  arrived at src, 0, Elevator call,677.7341948,0,-1,2,3
684.0, elevID,3,  pos,0,  cmd, goto,8
685.0,Elev,4,  arrived at dest, 3, this call is done!, Elevator call,661.042082,-1,3,3,4, Done, dt, 23.95791799999995
685.0, elevID,4,  pos,3,  cmd, goto,-1
689.0,Elev,2,  arrived at dest, 0, this call is done!, Elevator call,666.0340295,4,0,3,2, Done, dt, 22.965970500000026
689.0,Elev,2,  arrived at src, 0, Elevator call,672.6773142,0,-1,2,2
689.0, elevID,2,  pos,0,  cmd, goto,-1
692.0,Elev,1,  arrived at dest, -1, this call is done!, Elevator call,666.2411587,5,-1,3,1, Done, dt, 25.758841299999972
693.0,Elev,0,  arrived at dest, 5, this call is done!, Elevator call,662.1730528,-1,5,3,0, Done, dt, 30.82694719999995
694.0,Elev,3,  arrived at dest, 8, this call is done!, Elevator call,665.1155549,-1,8,3,3, Done, dt, 28.884445099999994
694.0, elevID,3,  pos,8,  cmd, goto,-1
696.0,Elevator call,695.2239882,0,10,1,2, got allocated to elevator, 2
696.0,Elev,2,  arrived at dest, -1, this call is done!, Elevator call,672.6773142,0,-1,3,2, Done, dt, 23.322685800000045
696.0, elevID,2,  pos,-1,  cmd, goto,0
697.0,Elev,4,  arrived at src, -1, Elevator call,678.9953585,-1,-2,2,4
697.0, elevID,4,  pos,-1,  cmd, goto,-2
703.0,Elev,2,  arrived at src, 0, Elevator call,695.2239882,0,10,2,2
703.0, elevID,2,  pos,0,  cmd, goto,10
704.0,Elev,3,  arrived at dest, -1, this call is done!, Elevator call,677.7341948,0,-1,3,3, Done, dt, 26.265805200000045
707.0,Elevator call,706.1583475,-1,-2,1,0, got allocated to elevator, 0
707.0, elevID,0,  pos,5,  cmd, goto,-1
708.0,Elev,4,  arrived at dest, -2, this call is done!, Elevator call,678.9953585,-1,-2,3,4, Done, dt, 29.004641500000048
711.0,Elevator call,710.324977,0,1,1,3, got allocated to elevator, 3
711.0,Elev,2,  arrived at dest, 10, this call is done!, Elevator call,695.2239882,0,10,3,2, Done, dt, 15.776011799999992
711.0, elevID,3,  pos,-1,  cmd, goto,0
714.0,Elevator call,713.0191971,1,0,1,1, got allocated to elevator, 1
714.0,Elevator call,713.2499766,10,-1,1,4, got allocated to elevator, 4
714.0, elevID,1,  pos,-1,  cmd, goto,1
714.0, elevID,4,  pos,-2,  cmd, goto,10
720.0,Elev,3,  arrived at src, 0, Elevator call,710.324977,0,1,2,3
720.0, elevID,3,  pos,0,  cmd, goto,1
723.0,Elevator call,722.6161213,10,0,1,2, got allocated to elevator, 2
723.0,Elev,0,  arrived at src, -1, Elevator call,706.1583475,-1,-2,2,0
723.0, elevID,0,  pos,-1,  cmd, goto,-2
723.0,Elev,2,  arrived at src, 10, Elevator call,722.6161213,10,0,2,2
723.0, elevID,2,  pos,10,  cmd, goto,0
725.0,Elev,1,  arrived at src, 1, Elevator call,713.0191971,1,0,2,1
725.0, elevID,1,  pos,1,  cmd, goto,0
728.0,Elevator call,727.5146029,-1,0,1,0, got allocated to elevator, 0
, elevID,0,  pos,-1,  cmd, stop,-1
729.0,Elev,3,  arrived at dest, 1, this call is done!, Elevator call,710.324977,0,1,3,3, Done, dt, 18.67502300000001
730.0,Elev,4,  arrived at src, 10, Elevator call,713.2499766,10,-1,2,4
730.0, elevID,4,  pos,10,  cmd, goto,-1
731.0,Elev,2,  arrived at dest, 0, this call is done!, Elevator call,722.6161213,10,0,3,2, Done, dt, 8.383878699999968
733.0,Elevator call,732.9746341,6,-1,1,3, got allocated to elevator, 3
733.0,Elev,0,  arrived at src, -1, Elevator call,727.5146029,-1,0,2,0
733.0, elevID,0,  pos,-1,  cmd, goto,-2
733.0, elevID,3,  pos,1,  cmd, goto,6
736.0,Elev,1,  arrived at dest, 0, this call is done!, Elevator call,713.0191971,1,0,3,1, Done, dt, 22.980802899999958
738.0,Elevator call,737.3147202,1,0,1,2, got allocated to elevator, 2
738.0, elevID,2,  pos,0,  cmd, goto,1
743.0,Elev,3,  arrived at src, 6, Elevator call,732.9746341,6,-1,2,3
743.0, elevID,3,  pos,6,  cmd, goto,-1
744.0,Elev,0,  arrived at dest, -2, this call is done!, Elevator call,706.1583475,-1,-2,3,0, Done, dt, 37.84165250000001
744.0, elevID,0,  pos,-2,  cmd, goto,0
745.0,Elev,2,  arrived at src, 1, Elevator call,737.3147202,1,0,2,2
745.0, elevID,2,  pos,1,  cmd, goto,0
746.0,Elev,4,  arrived at dest, -1, this call is done!, Elevator call,713.2499766,10,-1,3,4, Done, dt, 32.75002340000003
752.0,Elev,2,  arrived at dest, 0, this call is done!, Elevator call,737.3147202,1,0,3,2, Done, dt, 14.68527979999999
753.0,Elev,3,  arrived at dest, -1, this call is done!, Elevator call,732.9746341,6,-1,3,3, Done, dt, 20.025365899999997
756.0,Elev,0,  arrived at dest, 0, this call is done!, Elevator call,727.5146029,-1,0,3,0, Done, dt, 28.4853971
780.0,Elevator call,779.3996914,-1,5,1,1, got allocated to elevator, 1
780.0, elevID,1,  pos,0,  cmd, goto,-1
791.0,Elev,1,  arrived at src, -1, Elevator call,779.3996914,-1,5,2,1
791.0, elevID,1,  pos,-1,  cmd, goto,5
804.0,Elev,1,  arrived at dest, 5, this call is done!, Elevator call,779.3996914,-1,5,3,1, Done, dt, 24.60030859999995
806.0,Elevator call,805.6754743,-1,-2,1,2, got allocated to elevator, 2
806.0, elevID,2,  pos,0,  cmd, goto,-1
811.0,Elevator call,810.4469089,2,0,1,3, got allocated to elevator, 3
811.0, elevID,3,  pos,-1,  cmd, goto,2
813.0,Elev,2,  arrived at src, -1, Elevator call,805.6754743,-1,-2,2,2
813.0, elevID,2,  pos,-1,  cmd, goto,-2
817.0,Elevator call,816.1516998,7,-1,1,4, got allocated to elevator, 4
817.0, elevID,4,  pos,-1,  cmd, goto,7
820.0,Elev,2,  arrived at dest, -2, this call is done!, Elevator call,805.6754743,-1,-2,3,2, Done, dt, 14.324525699999981
820.0,Elev,3,  arrived at src, 2, Elevator call,810.4469089,2,0,2,3
820.0, elevID,3,  pos,2,  cmd, goto,0
826.0,Elevator call,825.4575185,7,0,1,0, got allocated to elevator, 0
826.0, elevID,0,  pos,0,  cmd, goto,7
829.0,Elev,3,  arrived at dest, 0, this call is done!, Elevator call,810.4469089,2,0,3,3, Done, dt, 18.55309109999996
831.0,Elev,4,  arrived at src, 7, Elevator call,816.1516998,7,-1,2,4
831.0, elevID,4,  pos,7,  cmd, goto,-1
840.0,Elevator call,839.8525653,0,1,1,1, got allocated to elevator, 1
840.0, elevID,1,  pos,5,  cmd, goto,0
843.0,Elev,0,  arrived at src, 7, Elevator call,825.4575185,7,0,2,0
843.0, elevID,0,  pos,7,  cmd, goto,0
845.0,Elev,4,  arrived at dest, -1, this call is done!, Elevator call,816.1516998,7,-1,3,4, Done, dt, 28.84830020000004
853.0,Elev,1,  arrived at src, 0, Elevator call,839.8525653,0,1,2,1
853.0, elevID,1,  pos,0,  cmd, goto,1
855.0,Elevator call,854.2002278,6,-1,1,2, got allocated to elevator, 2
855.0, elevID,2,  pos,-2,  cmd, goto,6
860.0,Elev,0,  arrived at dest, 0, this call is done!, Elevator call,825.4575185,7,0,3,0, Done, dt, 34.54248150000001
863.0,Elev,2,  arrived at src, 6, Elevator call,854.2002278,6,-1,2,2
863.0, elevID,2,  pos,6,  cmd, goto,-1
864.0,Elevator call,863.8932913,0,-1,1,3, got allocated to elevator, 3
864.0,Elev,1,  arrived at dest, 1, this call is done!, Elevator call,839.8525653,0,1,3,1, Done, dt, 24.147434699999963
864.0,Elev,3,  arrived at src, 0, Elevator call,863.8932913,0,-1,2,3
864.0, elevID,3,  pos,0,  cmd, goto,-1
871.0,Elevator call,870.5053024,0,7,1,2, got allocated to elevator, 2
871.0,Elev,2,  arrived at dest, -1, this call is done!, Elevator call,854.2002278,6,-1,3,2, Done, dt, 16.799772200000007
871.0, elevID,2,  pos,-1,  cmd, goto,0
873.0,Elev,3,  arrived at dest, -1, this call is done!, Elevator call,863.8932913,0,-1,3,3, Done, dt, 9.106708700000013
878.0,Elev,2,  arrived at src, 0, Elevator call,870.5053024,0,7,2,2
878.0, elevID,2,  pos,0,  cmd, goto,7
886.0,Elev,2,  arrived at dest, 7, this call is done!, Elevator call,870.5053024,0,7,3,2, Done, dt, 15.494697599999995
887.0,Elevator call,886.5649993,-1,-2,1,4, got allocated to elevator, 4
887.0,Elev,4,  arrived at src, -1, Elevator call,886.5649993,-1,-2,2,4
887.0, elevID,4,  pos,-1,  cmd, goto,-2
893.0,Elevator call,892.5212151,9,-1,1,3, got allocated to elevator, 3
893.0, elevID,3,  pos,-1,  cmd, goto,9
898.0,Elev,4,  arrived at dest, -2, this call is done!, Elevator call,886.5649993,-1,-2,3,4, Done, dt, 11.435000700000046
903.0,Elev,3,  arrived at src, 9, Elevator call,892.5212151,9,-1,2,3
903.0, elevID,3,  pos,9,  cmd, goto,-1
911.0,Elevator call,910.5388559,6,5,1,1, got allocated to elevator, 1
911.0, elevID,1,  pos,1,  cmd, goto,6
913.0,Elev,3,  arrived at dest, -1, this call is done!, Elevator call,892.5212151,9,-1,3,3, Done, dt, 20.47878490000005
916.0,Elevator call,915.9490575,4,-1,1,0, got allocated to elevator, 0
916.0, elevID,0,  pos,0,  cmd, goto,4
924.0,Elev,1,  arrived at src, 6, Elevator call,910.5388559,6,5,2,1
924.0, elevID,1,  pos,6,  cmd, goto,5
930.0,Elev,0,  arrived at src, 4, Elevator call,915.9490575,4,-1,2,0
930.0, elevID,0,  pos,4,  cmd, goto,-1
934.0,Elevator call,933.8580452,7,5,1,2, got allocated to elevator, 2
934.0,Elev,2,  arrived at src, 7, Elevator call,933.8580452,7,5,2,2
934.0, elevID,2,  pos,7,  cmd, goto,5
935.0,Elev,1,  arrived at dest, 5, this call is done!, Elevator call,910.5388559,6,5,3,1, Done, dt, 24.461144099999956
941.0,Elev,2,  arrived at dest, 5, this call is done!, Elevator call,933.8580452,7,5,3,2, Done, dt, 7.141954800000008
945.0,Elev,0,  arrived at dest, -1, this call is done!, Elevator call,915.9490575,4,-1,3,0, Done, dt, 29.05094250000002
962.0,Elevator call,961.6862856,6,-1,1,4, got allocated to elevator, 4
962.0, elevID,4,  pos,-2,  cmd, goto,6
973.0,Elevator call,972.8032126,1,0,1,2, got allocated to elevator, 2
973.0, elevID,2,  pos,5,  cmd, goto,1
976.0,Elevator call,975.8361203,0,-1,1,3, got allocated to elevator, 3
976.0, elevID,3,  pos,-1,  cmd, goto,0
976.0,Elev,4,  arrived at src, 6, Elevator call,961.6862856,6,-1,2,4
976.0, elevID,4,  pos,6,  cmd, goto,-1
979.0,Elevator call,978.5925149,10,0,1,1, got allocated to elevator, 1
979.0,Elevator call,978.6210501,10,-1,1,0, got allocated to elevator, 0
979.0, elevID,0,  pos,-1,  cmd, goto,10
979.0, elevID,1,  pos,5,  cmd, goto,10
980.0,Elev,2,  arrived at src, 1, Elevator call,972.8032126,1,0,2,2
980.0, elevID,2,  pos,1,  cmd, goto,0
985.0,Elevator call,984.1840186,7,0,1,2, got allocated to elevator, 2
985.0,Elev,3,  arrived at src, 0, Elevator call,975.8361203,0,-1,2,3
985.0, elevID,3,  pos,0,  cmd, goto,-1
987.0,Elev,2,  arrived at dest, 0, this call is done!, Elevator call,972.8032126,1,0,3,2, Done, dt, 14.196787399999948
987.0, elevID,2,  pos,0,  cmd, goto,7
990.0,Elev,4,  arrived at dest, -1, this call is done!, Elevator call,961.6862856,6,-1,3,4, Done, dt, 28.31371439999998
992.0,Elev,1,  arrived at src, 10, Elevator call,978.5925149,10,0,2,1
992.0, elevID,1,  pos,10,  cmd, goto,0
994.0,Elev,3,  arrived at dest, -1, this call is done!, Elevator call,975.8361203,0,-1,3,3, Done, dt, 18.163879700000052
995.0,Elev,2,  arrived at src, 7, Elevator call,984.1840186,7,0,2,2
995.0, elevID,2,  pos,7,  cmd, goto,0
1000.0,Elev,0,  arrived at src, 10, Elevator call,978.6210501,10,-1,2,0
1000.0, elevID,0,  pos,10,  cmd, goto,-1
1003.0,Elev,2,  arrived at dest, 0, this call is done!, Elevator call,984.1840186,7,0,3,2, Done, dt, 18.815981400000055
1007.0,Elev,1,  arrived at dest, 0, this call is done!, Elevator call,978.5925149,10,0,3,1, Done, dt, 28.40748510000003
1021.0,Elev,0,  arrived at dest, -1, this call is done!, Elevator call,978.6210501,10,-1,3,0, Done, dt, 42.37894989999995
1022.0,************* Simulation Ended ************
Code Owners,208244012,207270612,  Building_file,B4.json,  Calls,Ex1_calls_case_a_4.csv
Total waiting time: 2099.0,  average waiting time per call: 21.2020202020202,  unCompleted calls,0,  certificate, -51825329
